Copyright 1986-2022 Xilinx, Inc. All Rights Reserved.
------------------------------------------------------------------------------------
| Tool Version : Vivado v.2022.2 (lin64) Build 3671981 Fri Oct 14 04:59:54 MDT 2022
| Date         : Fri Apr 26 06:51:49 2024
| Host         : pop-os running 64-bit Pop!_OS 22.04 LTS
| Command      : upgrade_ip
| Device       : xc7s50csga324-1
------------------------------------------------------------------------------------

Upgrade Log for IP 'mb_block_hdmi_text_controller_0_0'

1. Summary
----------

SUCCESS in the conversion of mb_block_hdmi_text_controller_0_0 (user.org:user:graphics_controller:1.0 (Rev. 1)) to Vivado generation flows.






Copyright 1986-2022 Xilinx, Inc. All Rights Reserved.
------------------------------------------------------------------------------------
| Tool Version : Vivado v.2022.2 (lin64) Build 3671981 Fri Oct 14 04:59:54 MDT 2022
| Date         : Fri Apr 26 06:41:15 2024
| Host         : pop-os running 64-bit Pop!_OS 22.04 LTS
| Command      : upgrade_ip
| Device       : xc7s50csga324-1
------------------------------------------------------------------------------------

Upgrade Log for IP 'mb_block_hdmi_text_controller_0_0'

1. Summary
----------

SUCCESS in the conversion of mb_block_hdmi_text_controller_0_0 (user.org:user:graphics_controller:1.0 (Rev. 1)) to Vivado generation flows.






Copyright 1986-2022 Xilinx, Inc. All Rights Reserved.
------------------------------------------------------------------------------------
| Tool Version : Vivado v.2022.2 (lin64) Build 3671981 Fri Oct 14 04:59:54 MDT 2022
| Date         : Fri Apr 26 06:33:07 2024
| Host         : pop-os running 64-bit Pop!_OS 22.04 LTS
| Command      : upgrade_ip
| Device       : xc7s50csga324-1
------------------------------------------------------------------------------------

Upgrade Log for IP 'mb_block_hdmi_text_controller_0_0'

1. Summary
----------

SUCCESS in the conversion of mb_block_hdmi_text_controller_0_0 (user.org:user:graphics_controller:1.0 (Rev. 1)) to Vivado generation flows.






Copyright 1986-2022 Xilinx, Inc. All Rights Reserved.
------------------------------------------------------------------------------------
| Tool Version : Vivado v.2022.2 (lin64) Build 3671981 Fri Oct 14 04:59:54 MDT 2022
| Date         : Fri Apr 26 06:01:36 2024
| Host         : pop-os running 64-bit Pop!_OS 22.04 LTS
| Command      : upgrade_ip
| Device       : xc7s50csga324-1
------------------------------------------------------------------------------------

Upgrade Log for IP 'mb_block_hdmi_text_controller_0_0'

1. Summary
----------

SUCCESS in the conversion of mb_block_hdmi_text_controller_0_0 (user.org:user:graphics_controller:1.0 (Rev. 1)) to Vivado generation flows.






Copyright 1986-2022 Xilinx, Inc. All Rights Reserved.
------------------------------------------------------------------------------------
| Tool Version : Vivado v.2022.2 (lin64) Build 3671981 Fri Oct 14 04:59:54 MDT 2022
| Date         : Fri Apr 26 05:42:35 2024
| Host         : pop-os running 64-bit Pop!_OS 22.04 LTS
| Command      : upgrade_ip
| Device       : xc7s50csga324-1
------------------------------------------------------------------------------------

Upgrade Log for IP 'mb_block_hdmi_text_controller_0_0'

1. Summary
----------

SUCCESS in the conversion of mb_block_hdmi_text_controller_0_0 (user.org:user:graphics_controller:1.0 (Rev. 1)) to Vivado generation flows.






Copyright 1986-2022 Xilinx, Inc. All Rights Reserved.
------------------------------------------------------------------------------------
| Tool Version : Vivado v.2022.2 (lin64) Build 3671981 Fri Oct 14 04:59:54 MDT 2022
| Date         : Fri Apr 26 05:09:34 2024
| Host         : pop-os running 64-bit Pop!_OS 22.04 LTS
| Command      : upgrade_ip
| Device       : xc7s50csga324-1
------------------------------------------------------------------------------------

Upgrade Log for IP 'mb_block_hdmi_text_controller_0_0'

1. Summary
----------

SUCCESS in the conversion of mb_block_hdmi_text_controller_0_0 (user.org:user:graphics_controller:1.0 (Rev. 1)) to Vivado generation flows.






Copyright 1986-2022 Xilinx, Inc. All Rights Reserved.
------------------------------------------------------------------------------------
| Tool Version : Vivado v.2022.2 (lin64) Build 3671981 Fri Oct 14 04:59:54 MDT 2022
| Date         : Fri Apr 26 04:50:15 2024
| Host         : pop-os running 64-bit Pop!_OS 22.04 LTS
| Command      : upgrade_ip
| Device       : xc7s50csga324-1
------------------------------------------------------------------------------------

Upgrade Log for IP 'mb_block_hdmi_text_controller_0_0'

1. Summary
----------

SUCCESS in the upgrade of mb_block_hdmi_text_controller_0_0 from user.org:user:hdmi_text_controller:2.0 (Rev. 31) to user.org:user:graphics_controller:1.0 (Rev. 1)

