
*** Running vivado
    with args -log mb_block_dlmb_bram_if_cntlr_0.vds -m64 -product Vivado -mode batch -messageDb vivado.pb -notrace -source mb_block_dlmb_bram_if_cntlr_0.tcl


****** Vivado v2022.2 (64-bit)
  **** SW Build 3671981 on Fri Oct 14 04:59:54 MDT 2022
  **** IP Build 3669848 on Fri Oct 14 08:30:02 MDT 2022
    ** Copyright 1986-2022 Xilinx, Inc. All Rights Reserved.

source mb_block_dlmb_bram_if_cntlr_0.tcl -notrace
create_project: Time (s): cpu = 00:00:06 ; elapsed = 00:00:06 . Memory (MB): peak = 1272.691 ; gain = 60.508 ; free physical = 4986 ; free virtual = 23815
INFO: [IP_Flow 19-234] Refreshing IP repositories
INFO: [IP_Flow 19-1700] Loaded user IP repository '/media/lifrankfan/CrucialX6/ip_repo'.
INFO: [IP_Flow 19-2313] Loaded Vivado IP repository '/home/lifrankfan/Apps/Vivado/2022.2/data/ip'.
INFO: [IP_Flow 19-6924] IPCACHE: Running cache check for IP inst: mb_block_dlmb_bram_if_cntlr_0
Command: synth_design -top mb_block_dlmb_bram_if_cntlr_0 -part xc7s50csga324-1 -incremental_mode off -mode out_of_context
Starting synth_design
Attempting to get a license for feature 'Synthesis' and/or device 'xc7s50'
INFO: [Common 17-349] Got license for feature 'Synthesis' and/or device 'xc7s50'
INFO: [Device 21-403] Loading part xc7s50csga324-1
INFO: [Synth 8-7079] Multithreading enabled for synth_design using a maximum of 4 processes.
INFO: [Synth 8-7078] Launching helper process for spawning children vivado processes
INFO: [Synth 8-7075] Helper process launched with PID 11076
INFO: [Synth 8-11241] undeclared symbol 'REGCCE', assumed default net type 'wire' [/home/lifrankfan/Apps/Vivado/2022.2/data/verilog/src/unimacro/BRAM_SINGLE_MACRO.v:2170]
---------------------------------------------------------------------------------
Starting RTL Elaboration : Time (s): cpu = 00:00:06 ; elapsed = 00:00:07 . Memory (MB): peak = 1939.523 ; gain = 371.738 ; free physical = 465 ; free virtual = 17272
Synthesis current peak Physical Memory [PSS] (MB): peak = 1136.930; parent = 1009.552; children = 127.378
Synthesis current peak Virtual Memory [VSS] (MB): peak = 2968.320; parent = 1943.496; children = 1024.824
---------------------------------------------------------------------------------
INFO: [Synth 8-638] synthesizing module 'mb_block_dlmb_bram_if_cntlr_0' [/media/lifrankfan/CrucialX6/PlantsVsZombie/PlantsVsZombie.gen/sources_1/bd/mb_block/ip/mb_block_dlmb_bram_if_cntlr_0/synth/mb_block_dlmb_bram_if_cntlr_0.vhd:84]
	Parameter C_FAMILY bound to: spartan7 - type: string 
	Parameter C_HIGHADDR bound to: 64'b0000000000000000000000000000000000000000000000000111111111111111 
	Parameter C_BASEADDR bound to: 64'b0000000000000000000000000000000000000000000000000000000000000000 
	Parameter C_NUM_LMB bound to: 1 - type: integer 
	Parameter C_MASK bound to: 64'b0000000000000000000000000000000001000000000000000000000000000000 
	Parameter C_MASK1 bound to: 64'b0000000000000000000000000000000000000000100000000000000000000000 
	Parameter C_MASK2 bound to: 64'b0000000000000000000000000000000000000000100000000000000000000000 
	Parameter C_MASK3 bound to: 64'b0000000000000000000000000000000000000000100000000000000000000000 
	Parameter C_LMB_AWIDTH bound to: 32 - type: integer 
	Parameter C_LMB_DWIDTH bound to: 32 - type: integer 
	Parameter C_LMB_PROTOCOL bound to: 0 - type: integer 
	Parameter C_ECC bound to: 0 - type: integer 
	Parameter C_INTERCONNECT bound to: 0 - type: integer 
	Parameter C_FAULT_INJECT bound to: 0 - type: integer 
	Parameter C_CE_FAILING_REGISTERS bound to: 0 - type: integer 
	Parameter C_UE_FAILING_REGISTERS bound to: 0 - type: integer 
	Parameter C_ECC_STATUS_REGISTERS bound to: 0 - type: integer 
	Parameter C_ECC_ONOFF_REGISTER bound to: 0 - type: integer 
	Parameter C_ECC_ONOFF_RESET_VALUE bound to: 1 - type: integer 
	Parameter C_CE_COUNTER_WIDTH bound to: 0 - type: integer 
	Parameter C_WRITE_ACCESS bound to: 2 - type: integer 
	Parameter C_BRAM_AWIDTH bound to: 32 - type: integer 
	Parameter C_S_AXI_CTRL_ADDR_WIDTH bound to: 32 - type: integer 
	Parameter C_S_AXI_CTRL_DATA_WIDTH bound to: 32 - type: integer 
INFO: [Synth 8-3491] module 'lmb_bram_if_cntlr' declared at '/media/lifrankfan/CrucialX6/PlantsVsZombie/PlantsVsZombie.gen/sources_1/bd/mb_block/ipshared/a177/hdl/lmb_bram_if_cntlr_v4_0_vh_rfs.vhd:4514' bound to instance 'U0' of component 'lmb_bram_if_cntlr' [/media/lifrankfan/CrucialX6/PlantsVsZombie/PlantsVsZombie.gen/sources_1/bd/mb_block/ip/mb_block_dlmb_bram_if_cntlr_0/synth/mb_block_dlmb_bram_if_cntlr_0.vhd:226]
INFO: [Synth 8-638] synthesizing module 'lmb_bram_if_cntlr' [/media/lifrankfan/CrucialX6/PlantsVsZombie/PlantsVsZombie.gen/sources_1/bd/mb_block/ipshared/a177/hdl/lmb_bram_if_cntlr_v4_0_vh_rfs.vhd:4639]
	Parameter C_TARGET bound to: 9 - type: integer 
	Parameter C_BASEADDR bound to: 64'b0000000000000000000000000000000000000000000000000000000000000000 
	Parameter C_MASK bound to: 64'b0000000000000000000000000000000001000000000000000000000000000000 
	Parameter C_MASK1 bound to: 64'b0000000000000000000000000000000000000000100000000000000000000000 
	Parameter C_MASK2 bound to: 64'b0000000000000000000000000000000000000000100000000000000000000000 
	Parameter C_MASK3 bound to: 64'b0000000000000000000000000000000000000000100000000000000000000000 
	Parameter C_LMB_AWIDTH bound to: 32 - type: integer 
	Parameter C_LMB_DWIDTH bound to: 32 - type: integer 
	Parameter C_ECC_WIDTH bound to: 7 - type: integer 
	Parameter C_ECC bound to: 0 - type: integer 
	Parameter C_NUM_LMB bound to: 1 - type: integer 
	Parameter C_LMB_PROTOCOL bound to: 0 - type: integer 
INFO: [Synth 8-3491] module 'lmb_mux' declared at '/media/lifrankfan/CrucialX6/PlantsVsZombie/PlantsVsZombie.gen/sources_1/bd/mb_block/ipshared/a177/hdl/lmb_bram_if_cntlr_v4_0_vh_rfs.vhd:3893' bound to instance 'lmb_mux_I' of component 'lmb_mux' [/media/lifrankfan/CrucialX6/PlantsVsZombie/PlantsVsZombie.gen/sources_1/bd/mb_block/ipshared/a177/hdl/lmb_bram_if_cntlr_v4_0_vh_rfs.vhd:4908]
INFO: [Synth 8-638] synthesizing module 'lmb_mux' [/media/lifrankfan/CrucialX6/PlantsVsZombie/PlantsVsZombie.gen/sources_1/bd/mb_block/ipshared/a177/hdl/lmb_bram_if_cntlr_v4_0_vh_rfs.vhd:3981]
	Parameter C_AW bound to: 32 - type: integer 
	Parameter C_BAR bound to: 64'b0000000000000000000000000000000000000000000000000000000000000000 
	Parameter C_MASK bound to: 64'b0000000000000000000000000000000001000000000000000000000000000000 
INFO: [Synth 8-3491] module 'pselect_mask' declared at '/media/lifrankfan/CrucialX6/PlantsVsZombie/PlantsVsZombie.gen/sources_1/bd/mb_block/ipshared/a177/hdl/lmb_bram_if_cntlr_v4_0_vh_rfs.vhd:3476' bound to instance 'pselect_mask_lmb' of component 'pselect_mask' [/media/lifrankfan/CrucialX6/PlantsVsZombie/PlantsVsZombie.gen/sources_1/bd/mb_block/ipshared/a177/hdl/lmb_bram_if_cntlr_v4_0_vh_rfs.vhd:4052]
INFO: [Synth 8-638] synthesizing module 'pselect_mask' [/media/lifrankfan/CrucialX6/PlantsVsZombie/PlantsVsZombie.gen/sources_1/bd/mb_block/ipshared/a177/hdl/lmb_bram_if_cntlr_v4_0_vh_rfs.vhd:3491]
INFO: [Synth 8-256] done synthesizing module 'pselect_mask' (0#1) [/media/lifrankfan/CrucialX6/PlantsVsZombie/PlantsVsZombie.gen/sources_1/bd/mb_block/ipshared/a177/hdl/lmb_bram_if_cntlr_v4_0_vh_rfs.vhd:3491]
INFO: [Synth 8-256] done synthesizing module 'lmb_mux' (0#1) [/media/lifrankfan/CrucialX6/PlantsVsZombie/PlantsVsZombie.gen/sources_1/bd/mb_block/ipshared/a177/hdl/lmb_bram_if_cntlr_v4_0_vh_rfs.vhd:3981]
INFO: [Synth 8-256] done synthesizing module 'lmb_bram_if_cntlr' (0#1) [/media/lifrankfan/CrucialX6/PlantsVsZombie/PlantsVsZombie.gen/sources_1/bd/mb_block/ipshared/a177/hdl/lmb_bram_if_cntlr_v4_0_vh_rfs.vhd:4639]
INFO: [Synth 8-256] done synthesizing module 'mb_block_dlmb_bram_if_cntlr_0' (0#1) [/media/lifrankfan/CrucialX6/PlantsVsZombie/PlantsVsZombie.gen/sources_1/bd/mb_block/ip/mb_block_dlmb_bram_if_cntlr_0/synth/mb_block_dlmb_bram_if_cntlr_0.vhd:84]
WARNING: [Synth 8-7129] Port A[0] in module pselect_mask is either unconnected or has no load
WARNING: [Synth 8-7129] Port A[2] in module pselect_mask is either unconnected or has no load
WARNING: [Synth 8-7129] Port A[3] in module pselect_mask is either unconnected or has no load
WARNING: [Synth 8-7129] Port A[4] in module pselect_mask is either unconnected or has no load
WARNING: [Synth 8-7129] Port A[5] in module pselect_mask is either unconnected or has no load
WARNING: [Synth 8-7129] Port A[6] in module pselect_mask is either unconnected or has no load
WARNING: [Synth 8-7129] Port A[7] in module pselect_mask is either unconnected or has no load
WARNING: [Synth 8-7129] Port A[8] in module pselect_mask is either unconnected or has no load
WARNING: [Synth 8-7129] Port A[9] in module pselect_mask is either unconnected or has no load
WARNING: [Synth 8-7129] Port A[10] in module pselect_mask is either unconnected or has no load
WARNING: [Synth 8-7129] Port A[11] in module pselect_mask is either unconnected or has no load
WARNING: [Synth 8-7129] Port A[12] in module pselect_mask is either unconnected or has no load
WARNING: [Synth 8-7129] Port A[13] in module pselect_mask is either unconnected or has no load
WARNING: [Synth 8-7129] Port A[14] in module pselect_mask is either unconnected or has no load
WARNING: [Synth 8-7129] Port A[15] in module pselect_mask is either unconnected or has no load
WARNING: [Synth 8-7129] Port A[16] in module pselect_mask is either unconnected or has no load
WARNING: [Synth 8-7129] Port A[17] in module pselect_mask is either unconnected or has no load
WARNING: [Synth 8-7129] Port A[18] in module pselect_mask is either unconnected or has no load
WARNING: [Synth 8-7129] Port A[19] in module pselect_mask is either unconnected or has no load
WARNING: [Synth 8-7129] Port A[20] in module pselect_mask is either unconnected or has no load
WARNING: [Synth 8-7129] Port A[21] in module pselect_mask is either unconnected or has no load
WARNING: [Synth 8-7129] Port A[22] in module pselect_mask is either unconnected or has no load
WARNING: [Synth 8-7129] Port A[23] in module pselect_mask is either unconnected or has no load
WARNING: [Synth 8-7129] Port A[24] in module pselect_mask is either unconnected or has no load
WARNING: [Synth 8-7129] Port A[25] in module pselect_mask is either unconnected or has no load
WARNING: [Synth 8-7129] Port A[26] in module pselect_mask is either unconnected or has no load
WARNING: [Synth 8-7129] Port A[27] in module pselect_mask is either unconnected or has no load
WARNING: [Synth 8-7129] Port A[28] in module pselect_mask is either unconnected or has no load
WARNING: [Synth 8-7129] Port A[29] in module pselect_mask is either unconnected or has no load
WARNING: [Synth 8-7129] Port A[30] in module pselect_mask is either unconnected or has no load
WARNING: [Synth 8-7129] Port A[31] in module pselect_mask is either unconnected or has no load
WARNING: [Synth 8-7129] Port LMB_Clk in module lmb_mux is either unconnected or has no load
WARNING: [Synth 8-7129] Port LMB_Rst in module lmb_mux is either unconnected or has no load
WARNING: [Synth 8-7129] Port LMB1_ABus[0] in module lmb_mux is either unconnected or has no load
WARNING: [Synth 8-7129] Port LMB1_ABus[1] in module lmb_mux is either unconnected or has no load
WARNING: [Synth 8-7129] Port LMB1_ABus[2] in module lmb_mux is either unconnected or has no load
WARNING: [Synth 8-7129] Port LMB1_ABus[3] in module lmb_mux is either unconnected or has no load
WARNING: [Synth 8-7129] Port LMB1_ABus[4] in module lmb_mux is either unconnected or has no load
WARNING: [Synth 8-7129] Port LMB1_ABus[5] in module lmb_mux is either unconnected or has no load
WARNING: [Synth 8-7129] Port LMB1_ABus[6] in module lmb_mux is either unconnected or has no load
WARNING: [Synth 8-7129] Port LMB1_ABus[7] in module lmb_mux is either unconnected or has no load
WARNING: [Synth 8-7129] Port LMB1_ABus[8] in module lmb_mux is either unconnected or has no load
WARNING: [Synth 8-7129] Port LMB1_ABus[9] in module lmb_mux is either unconnected or has no load
WARNING: [Synth 8-7129] Port LMB1_ABus[10] in module lmb_mux is either unconnected or has no load
WARNING: [Synth 8-7129] Port LMB1_ABus[11] in module lmb_mux is either unconnected or has no load
WARNING: [Synth 8-7129] Port LMB1_ABus[12] in module lmb_mux is either unconnected or has no load
WARNING: [Synth 8-7129] Port LMB1_ABus[13] in module lmb_mux is either unconnected or has no load
WARNING: [Synth 8-7129] Port LMB1_ABus[14] in module lmb_mux is either unconnected or has no load
WARNING: [Synth 8-7129] Port LMB1_ABus[15] in module lmb_mux is either unconnected or has no load
WARNING: [Synth 8-7129] Port LMB1_ABus[16] in module lmb_mux is either unconnected or has no load
WARNING: [Synth 8-7129] Port LMB1_ABus[17] in module lmb_mux is either unconnected or has no load
WARNING: [Synth 8-7129] Port LMB1_ABus[18] in module lmb_mux is either unconnected or has no load
WARNING: [Synth 8-7129] Port LMB1_ABus[19] in module lmb_mux is either unconnected or has no load
WARNING: [Synth 8-7129] Port LMB1_ABus[20] in module lmb_mux is either unconnected or has no load
WARNING: [Synth 8-7129] Port LMB1_ABus[21] in module lmb_mux is either unconnected or has no load
WARNING: [Synth 8-7129] Port LMB1_ABus[22] in module lmb_mux is either unconnected or has no load
WARNING: [Synth 8-7129] Port LMB1_ABus[23] in module lmb_mux is either unconnected or has no load
WARNING: [Synth 8-7129] Port LMB1_ABus[24] in module lmb_mux is either unconnected or has no load
WARNING: [Synth 8-7129] Port LMB1_ABus[25] in module lmb_mux is either unconnected or has no load
WARNING: [Synth 8-7129] Port LMB1_ABus[26] in module lmb_mux is either unconnected or has no load
WARNING: [Synth 8-7129] Port LMB1_ABus[27] in module lmb_mux is either unconnected or has no load
WARNING: [Synth 8-7129] Port LMB1_ABus[28] in module lmb_mux is either unconnected or has no load
WARNING: [Synth 8-7129] Port LMB1_ABus[29] in module lmb_mux is either unconnected or has no load
WARNING: [Synth 8-7129] Port LMB1_ABus[30] in module lmb_mux is either unconnected or has no load
WARNING: [Synth 8-7129] Port LMB1_ABus[31] in module lmb_mux is either unconnected or has no load
WARNING: [Synth 8-7129] Port LMB1_WriteDBus[0] in module lmb_mux is either unconnected or has no load
WARNING: [Synth 8-7129] Port LMB1_WriteDBus[1] in module lmb_mux is either unconnected or has no load
WARNING: [Synth 8-7129] Port LMB1_WriteDBus[2] in module lmb_mux is either unconnected or has no load
WARNING: [Synth 8-7129] Port LMB1_WriteDBus[3] in module lmb_mux is either unconnected or has no load
WARNING: [Synth 8-7129] Port LMB1_WriteDBus[4] in module lmb_mux is either unconnected or has no load
WARNING: [Synth 8-7129] Port LMB1_WriteDBus[5] in module lmb_mux is either unconnected or has no load
WARNING: [Synth 8-7129] Port LMB1_WriteDBus[6] in module lmb_mux is either unconnected or has no load
WARNING: [Synth 8-7129] Port LMB1_WriteDBus[7] in module lmb_mux is either unconnected or has no load
WARNING: [Synth 8-7129] Port LMB1_WriteDBus[8] in module lmb_mux is either unconnected or has no load
WARNING: [Synth 8-7129] Port LMB1_WriteDBus[9] in module lmb_mux is either unconnected or has no load
WARNING: [Synth 8-7129] Port LMB1_WriteDBus[10] in module lmb_mux is either unconnected or has no load
WARNING: [Synth 8-7129] Port LMB1_WriteDBus[11] in module lmb_mux is either unconnected or has no load
WARNING: [Synth 8-7129] Port LMB1_WriteDBus[12] in module lmb_mux is either unconnected or has no load
WARNING: [Synth 8-7129] Port LMB1_WriteDBus[13] in module lmb_mux is either unconnected or has no load
WARNING: [Synth 8-7129] Port LMB1_WriteDBus[14] in module lmb_mux is either unconnected or has no load
WARNING: [Synth 8-7129] Port LMB1_WriteDBus[15] in module lmb_mux is either unconnected or has no load
WARNING: [Synth 8-7129] Port LMB1_WriteDBus[16] in module lmb_mux is either unconnected or has no load
WARNING: [Synth 8-7129] Port LMB1_WriteDBus[17] in module lmb_mux is either unconnected or has no load
WARNING: [Synth 8-7129] Port LMB1_WriteDBus[18] in module lmb_mux is either unconnected or has no load
WARNING: [Synth 8-7129] Port LMB1_WriteDBus[19] in module lmb_mux is either unconnected or has no load
WARNING: [Synth 8-7129] Port LMB1_WriteDBus[20] in module lmb_mux is either unconnected or has no load
WARNING: [Synth 8-7129] Port LMB1_WriteDBus[21] in module lmb_mux is either unconnected or has no load
WARNING: [Synth 8-7129] Port LMB1_WriteDBus[22] in module lmb_mux is either unconnected or has no load
WARNING: [Synth 8-7129] Port LMB1_WriteDBus[23] in module lmb_mux is either unconnected or has no load
WARNING: [Synth 8-7129] Port LMB1_WriteDBus[24] in module lmb_mux is either unconnected or has no load
WARNING: [Synth 8-7129] Port LMB1_WriteDBus[25] in module lmb_mux is either unconnected or has no load
WARNING: [Synth 8-7129] Port LMB1_WriteDBus[26] in module lmb_mux is either unconnected or has no load
WARNING: [Synth 8-7129] Port LMB1_WriteDBus[27] in module lmb_mux is either unconnected or has no load
WARNING: [Synth 8-7129] Port LMB1_WriteDBus[28] in module lmb_mux is either unconnected or has no load
WARNING: [Synth 8-7129] Port LMB1_WriteDBus[29] in module lmb_mux is either unconnected or has no load
WARNING: [Synth 8-7129] Port LMB1_WriteDBus[30] in module lmb_mux is either unconnected or has no load
WARNING: [Synth 8-7129] Port LMB1_WriteDBus[31] in module lmb_mux is either unconnected or has no load
WARNING: [Synth 8-7129] Port LMB1_AddrStrobe in module lmb_mux is either unconnected or has no load
WARNING: [Synth 8-7129] Port LMB1_ReadStrobe in module lmb_mux is either unconnected or has no load
WARNING: [Synth 8-7129] Port LMB1_WriteStrobe in module lmb_mux is either unconnected or has no load
INFO: [Common 17-14] Message 'Synth 8-7129' appears 100 times and further instances of the messages will be disabled. Use the Tcl command set_msg_config to change the current settings.
---------------------------------------------------------------------------------
Finished RTL Elaboration : Time (s): cpu = 00:00:08 ; elapsed = 00:00:09 . Memory (MB): peak = 2013.461 ; gain = 445.676 ; free physical = 296 ; free virtual = 16432
Synthesis current peak Physical Memory [PSS] (MB): peak = 1136.930; parent = 1009.552; children = 127.378
Synthesis current peak Virtual Memory [VSS] (MB): peak = 3038.289; parent = 2013.465; children = 1024.824
---------------------------------------------------------------------------------
---------------------------------------------------------------------------------
Start Handling Custom Attributes
---------------------------------------------------------------------------------
---------------------------------------------------------------------------------
Finished Handling Custom Attributes : Time (s): cpu = 00:00:08 ; elapsed = 00:00:09 . Memory (MB): peak = 2028.305 ; gain = 460.520 ; free physical = 312 ; free virtual = 16434
Synthesis current peak Physical Memory [PSS] (MB): peak = 1136.930; parent = 1009.552; children = 127.378
Synthesis current peak Virtual Memory [VSS] (MB): peak = 3053.133; parent = 2028.309; children = 1024.824
---------------------------------------------------------------------------------
---------------------------------------------------------------------------------
Finished RTL Optimization Phase 1 : Time (s): cpu = 00:00:08 ; elapsed = 00:00:09 . Memory (MB): peak = 2028.305 ; gain = 460.520 ; free physical = 339 ; free virtual = 16459
Synthesis current peak Physical Memory [PSS] (MB): peak = 1136.930; parent = 1009.552; children = 127.378
Synthesis current peak Virtual Memory [VSS] (MB): peak = 3053.133; parent = 2028.309; children = 1024.824
---------------------------------------------------------------------------------
Netlist sorting complete. Time (s): cpu = 00:00:00.01 ; elapsed = 00:00:00 . Memory (MB): peak = 2028.305 ; gain = 0.000 ; free physical = 323 ; free virtual = 16437
INFO: [Project 1-570] Preparing netlist for logic optimization

Processing XDC Constraints
Initializing timing engine
Parsing XDC File [/media/lifrankfan/CrucialX6/PlantsVsZombie/PlantsVsZombie.gen/sources_1/bd/mb_block/ip/mb_block_dlmb_bram_if_cntlr_0/mb_block_dlmb_bram_if_cntlr_0_ooc.xdc] for cell 'U0'
Finished Parsing XDC File [/media/lifrankfan/CrucialX6/PlantsVsZombie/PlantsVsZombie.gen/sources_1/bd/mb_block/ip/mb_block_dlmb_bram_if_cntlr_0/mb_block_dlmb_bram_if_cntlr_0_ooc.xdc] for cell 'U0'
Parsing XDC File [/media/lifrankfan/CrucialX6/PlantsVsZombie/PlantsVsZombie.runs/mb_block_dlmb_bram_if_cntlr_0_synth_1/dont_touch.xdc]
Finished Parsing XDC File [/media/lifrankfan/CrucialX6/PlantsVsZombie/PlantsVsZombie.runs/mb_block_dlmb_bram_if_cntlr_0_synth_1/dont_touch.xdc]
Completed Processing XDC Constraints

Netlist sorting complete. Time (s): cpu = 00:00:00 ; elapsed = 00:00:00 . Memory (MB): peak = 2149.055 ; gain = 0.000 ; free physical = 267 ; free virtual = 16053
INFO: [Project 1-111] Unisim Transformation Summary:
No Unisim elements were transformed.

Constraint Validation Runtime : Time (s): cpu = 00:00:00.02 ; elapsed = 00:00:00.03 . Memory (MB): peak = 2149.055 ; gain = 0.000 ; free physical = 265 ; free virtual = 16046
INFO: [Designutils 20-5008] Incremental synthesis strategy off
INFO: [Synth 8-11241] undeclared symbol 'REGCCE', assumed default net type 'wire' [/home/lifrankfan/Apps/Vivado/2022.2/data/verilog/src/unimacro/BRAM_SINGLE_MACRO.v:2170]
---------------------------------------------------------------------------------
Finished Constraint Validation : Time (s): cpu = 00:00:15 ; elapsed = 00:00:17 . Memory (MB): peak = 2149.055 ; gain = 581.270 ; free physical = 547 ; free virtual = 15688
Synthesis current peak Physical Memory [PSS] (MB): peak = 1136.930; parent = 1009.552; children = 127.378
Synthesis current peak Virtual Memory [VSS] (MB): peak = 3141.867; parent = 2117.043; children = 1024.824
---------------------------------------------------------------------------------
---------------------------------------------------------------------------------
Start Loading Part and Timing Information
---------------------------------------------------------------------------------
Loading part: xc7s50csga324-1
---------------------------------------------------------------------------------
Finished Loading Part and Timing Information : Time (s): cpu = 00:00:15 ; elapsed = 00:00:17 . Memory (MB): peak = 2149.055 ; gain = 581.270 ; free physical = 535 ; free virtual = 15677
Synthesis current peak Physical Memory [PSS] (MB): peak = 1136.930; parent = 1009.552; children = 127.378
Synthesis current peak Virtual Memory [VSS] (MB): peak = 3141.867; parent = 2117.043; children = 1024.824
---------------------------------------------------------------------------------
---------------------------------------------------------------------------------
Start Applying 'set_property' XDC Constraints
---------------------------------------------------------------------------------
Applied set_property KEEP_HIERARCHY = SOFT for U0. (constraint file  /media/lifrankfan/CrucialX6/PlantsVsZombie/PlantsVsZombie.runs/mb_block_dlmb_bram_if_cntlr_0_synth_1/dont_touch.xdc, line 9).
---------------------------------------------------------------------------------
Finished applying 'set_property' XDC Constraints : Time (s): cpu = 00:00:15 ; elapsed = 00:00:17 . Memory (MB): peak = 2149.055 ; gain = 581.270 ; free physical = 532 ; free virtual = 15674
Synthesis current peak Physical Memory [PSS] (MB): peak = 1136.930; parent = 1009.552; children = 127.378
Synthesis current peak Virtual Memory [VSS] (MB): peak = 3141.867; parent = 2117.043; children = 1024.824
---------------------------------------------------------------------------------
---------------------------------------------------------------------------------
Finished RTL Optimization Phase 2 : Time (s): cpu = 00:00:15 ; elapsed = 00:00:17 . Memory (MB): peak = 2149.055 ; gain = 581.270 ; free physical = 462 ; free virtual = 15622
Synthesis current peak Physical Memory [PSS] (MB): peak = 1136.930; parent = 1009.552; children = 127.378
Synthesis current peak Virtual Memory [VSS] (MB): peak = 3141.867; parent = 2117.043; children = 1024.824
---------------------------------------------------------------------------------
---------------------------------------------------------------------------------
Start RTL Component Statistics 
---------------------------------------------------------------------------------
Detailed RTL Component Info : 
+---Registers : 
	                1 Bit    Registers := 2     
---------------------------------------------------------------------------------
Finished RTL Component Statistics 
---------------------------------------------------------------------------------
---------------------------------------------------------------------------------
Start Part Resource Summary
---------------------------------------------------------------------------------
Part Resources:
DSPs: 120 (col length:60)
BRAMs: 150 (col length: RAMB18 60 RAMB36 30)
---------------------------------------------------------------------------------
Finished Part Resource Summary
---------------------------------------------------------------------------------
---------------------------------------------------------------------------------
Start Cross Boundary and Area Optimization
---------------------------------------------------------------------------------
WARNING: [Synth 8-7080] Parallel synthesis criteria is not met
---------------------------------------------------------------------------------
Finished Cross Boundary and Area Optimization : Time (s): cpu = 00:00:16 ; elapsed = 00:00:18 . Memory (MB): peak = 2149.055 ; gain = 581.270 ; free physical = 580 ; free virtual = 15729
Synthesis current peak Physical Memory [PSS] (MB): peak = 1136.930; parent = 1009.552; children = 127.378
Synthesis current peak Virtual Memory [VSS] (MB): peak = 3141.867; parent = 2117.043; children = 1024.824
---------------------------------------------------------------------------------
---------------------------------------------------------------------------------
Start Applying XDC Timing Constraints
---------------------------------------------------------------------------------
---------------------------------------------------------------------------------
Finished Applying XDC Timing Constraints : Time (s): cpu = 00:00:21 ; elapsed = 00:00:23 . Memory (MB): peak = 2149.055 ; gain = 581.270 ; free physical = 327 ; free virtual = 15417
Synthesis current peak Physical Memory [PSS] (MB): peak = 1207.874; parent = 1081.518; children = 127.378
Synthesis current peak Virtual Memory [VSS] (MB): peak = 3141.867; parent = 2117.043; children = 1024.824
---------------------------------------------------------------------------------
---------------------------------------------------------------------------------
Start Timing Optimization
---------------------------------------------------------------------------------
---------------------------------------------------------------------------------
Finished Timing Optimization : Time (s): cpu = 00:00:21 ; elapsed = 00:00:23 . Memory (MB): peak = 2149.055 ; gain = 581.270 ; free physical = 317 ; free virtual = 15404
Synthesis current peak Physical Memory [PSS] (MB): peak = 1207.964; parent = 1081.607; children = 127.378
Synthesis current peak Virtual Memory [VSS] (MB): peak = 3141.867; parent = 2117.043; children = 1024.824
---------------------------------------------------------------------------------
---------------------------------------------------------------------------------
Start Technology Mapping
---------------------------------------------------------------------------------
---------------------------------------------------------------------------------
Finished Technology Mapping : Time (s): cpu = 00:00:21 ; elapsed = 00:00:23 . Memory (MB): peak = 2149.055 ; gain = 581.270 ; free physical = 308 ; free virtual = 15380
Synthesis current peak Physical Memory [PSS] (MB): peak = 1208.069; parent = 1081.713; children = 127.378
Synthesis current peak Virtual Memory [VSS] (MB): peak = 3141.867; parent = 2117.043; children = 1024.824
---------------------------------------------------------------------------------
---------------------------------------------------------------------------------
Start IO Insertion
---------------------------------------------------------------------------------
---------------------------------------------------------------------------------
Start Flattening Before IO Insertion
---------------------------------------------------------------------------------
---------------------------------------------------------------------------------
Finished Flattening Before IO Insertion
---------------------------------------------------------------------------------
---------------------------------------------------------------------------------
Start Final Netlist Cleanup
---------------------------------------------------------------------------------
---------------------------------------------------------------------------------
Finished Final Netlist Cleanup
---------------------------------------------------------------------------------
---------------------------------------------------------------------------------
Finished IO Insertion : Time (s): cpu = 00:00:26 ; elapsed = 00:00:28 . Memory (MB): peak = 2149.055 ; gain = 581.270 ; free physical = 798 ; free virtual = 15225
Synthesis current peak Physical Memory [PSS] (MB): peak = 1208.069; parent = 1081.713; children = 127.378
Synthesis current peak Virtual Memory [VSS] (MB): peak = 3141.867; parent = 2117.043; children = 1024.824
---------------------------------------------------------------------------------
---------------------------------------------------------------------------------
Start Renaming Generated Instances
---------------------------------------------------------------------------------
---------------------------------------------------------------------------------
Finished Renaming Generated Instances : Time (s): cpu = 00:00:26 ; elapsed = 00:00:28 . Memory (MB): peak = 2149.055 ; gain = 581.270 ; free physical = 785 ; free virtual = 15209
Synthesis current peak Physical Memory [PSS] (MB): peak = 1208.069; parent = 1081.713; children = 127.378
Synthesis current peak Virtual Memory [VSS] (MB): peak = 3141.867; parent = 2117.043; children = 1024.824
---------------------------------------------------------------------------------
---------------------------------------------------------------------------------
Start Rebuilding User Hierarchy
---------------------------------------------------------------------------------
---------------------------------------------------------------------------------
Finished Rebuilding User Hierarchy : Time (s): cpu = 00:00:26 ; elapsed = 00:00:28 . Memory (MB): peak = 2149.055 ; gain = 581.270 ; free physical = 795 ; free virtual = 15216
Synthesis current peak Physical Memory [PSS] (MB): peak = 1208.069; parent = 1081.713; children = 127.378
Synthesis current peak Virtual Memory [VSS] (MB): peak = 3141.867; parent = 2117.043; children = 1024.824
---------------------------------------------------------------------------------
---------------------------------------------------------------------------------
Start Renaming Generated Ports
---------------------------------------------------------------------------------
---------------------------------------------------------------------------------
Finished Renaming Generated Ports : Time (s): cpu = 00:00:26 ; elapsed = 00:00:28 . Memory (MB): peak = 2149.055 ; gain = 581.270 ; free physical = 778 ; free virtual = 15199
Synthesis current peak Physical Memory [PSS] (MB): peak = 1208.069; parent = 1081.713; children = 127.378
Synthesis current peak Virtual Memory [VSS] (MB): peak = 3141.867; parent = 2117.043; children = 1024.824
---------------------------------------------------------------------------------
---------------------------------------------------------------------------------
Start Handling Custom Attributes
---------------------------------------------------------------------------------
---------------------------------------------------------------------------------
Finished Handling Custom Attributes : Time (s): cpu = 00:00:26 ; elapsed = 00:00:28 . Memory (MB): peak = 2149.055 ; gain = 581.270 ; free physical = 788 ; free virtual = 15199
Synthesis current peak Physical Memory [PSS] (MB): peak = 1208.069; parent = 1081.713; children = 127.378
Synthesis current peak Virtual Memory [VSS] (MB): peak = 3141.867; parent = 2117.043; children = 1024.824
---------------------------------------------------------------------------------
---------------------------------------------------------------------------------
Start Renaming Generated Nets
---------------------------------------------------------------------------------
---------------------------------------------------------------------------------
Finished Renaming Generated Nets : Time (s): cpu = 00:00:26 ; elapsed = 00:00:28 . Memory (MB): peak = 2149.055 ; gain = 581.270 ; free physical = 782 ; free virtual = 15189
Synthesis current peak Physical Memory [PSS] (MB): peak = 1208.069; parent = 1081.713; children = 127.378
Synthesis current peak Virtual Memory [VSS] (MB): peak = 3141.867; parent = 2117.043; children = 1024.824
---------------------------------------------------------------------------------
---------------------------------------------------------------------------------
Start Writing Synthesis Report
---------------------------------------------------------------------------------

Report BlackBoxes: 
+-+--------------+----------+
| |BlackBox name |Instances |
+-+--------------+----------+
+-+--------------+----------+

Report Cell Usage: 
+------+-----+------+
|      |Cell |Count |
+------+-----+------+
|1     |LUT2 |     3|
|2     |LUT3 |     4|
|3     |FDRE |     2|
+------+-----+------+
---------------------------------------------------------------------------------
Finished Writing Synthesis Report : Time (s): cpu = 00:00:26 ; elapsed = 00:00:28 . Memory (MB): peak = 2149.055 ; gain = 581.270 ; free physical = 864 ; free virtual = 15269
Synthesis current peak Physical Memory [PSS] (MB): peak = 1208.069; parent = 1081.713; children = 127.378
Synthesis current peak Virtual Memory [VSS] (MB): peak = 3141.867; parent = 2117.043; children = 1024.824
---------------------------------------------------------------------------------
Synthesis finished with 0 errors, 0 critical warnings and 322 warnings.
Synthesis Optimization Runtime : Time (s): cpu = 00:00:24 ; elapsed = 00:00:26 . Memory (MB): peak = 2149.055 ; gain = 460.520 ; free physical = 887 ; free virtual = 15276
Synthesis Optimization Complete : Time (s): cpu = 00:00:26 ; elapsed = 00:00:28 . Memory (MB): peak = 2149.055 ; gain = 581.270 ; free physical = 883 ; free virtual = 15268
INFO: [Project 1-571] Translating synthesized netlist
Netlist sorting complete. Time (s): cpu = 00:00:00 ; elapsed = 00:00:00.01 . Memory (MB): peak = 2149.055 ; gain = 0.000 ; free physical = 968 ; free virtual = 15334
INFO: [Project 1-570] Preparing netlist for logic optimization
INFO: [Opt 31-138] Pushed 0 inverter(s) to 0 load pin(s).
Netlist sorting complete. Time (s): cpu = 00:00:00 ; elapsed = 00:00:00 . Memory (MB): peak = 2149.055 ; gain = 0.000 ; free physical = 1287 ; free virtual = 15574
INFO: [Project 1-111] Unisim Transformation Summary:
No Unisim elements were transformed.

Synth Design complete, checksum: 1c468d17
INFO: [Common 17-83] Releasing license: Synthesis
31 Infos, 101 Warnings, 0 Critical Warnings and 0 Errors encountered.
synth_design completed successfully
synth_design: Time (s): cpu = 00:00:35 ; elapsed = 00:00:33 . Memory (MB): peak = 2149.055 ; gain = 876.363 ; free physical = 1427 ; free virtual = 15708
INFO: [Common 17-1381] The checkpoint '/media/lifrankfan/CrucialX6/PlantsVsZombie/PlantsVsZombie.runs/mb_block_dlmb_bram_if_cntlr_0_synth_1/mb_block_dlmb_bram_if_cntlr_0.dcp' has been generated.
INFO: [Coretcl 2-1648] Added synthesis output to IP cache for IP mb_block_dlmb_bram_if_cntlr_0, cache-ID = 707ce32141e7b4be
INFO: [Common 17-1381] The checkpoint '/media/lifrankfan/CrucialX6/PlantsVsZombie/PlantsVsZombie.runs/mb_block_dlmb_bram_if_cntlr_0_synth_1/mb_block_dlmb_bram_if_cntlr_0.dcp' has been generated.
INFO: [runtcl-4] Executing : report_utilization -file mb_block_dlmb_bram_if_cntlr_0_utilization_synth.rpt -pb mb_block_dlmb_bram_if_cntlr_0_utilization_synth.pb
INFO: [Common 17-206] Exiting Vivado at Fri Apr 26 03:07:34 2024...
