03:17:14 DEBUG : Logs will be stored at '/media/lifrankfan/CrucialX6/PlantsVsZombie/workspace/IDE.log'.
03:17:15 INFO  : Launching XSCT server: xsct -n  -interactive /media/lifrankfan/CrucialX6/PlantsVsZombie/workspace/temp_xsdb_launch_script.tcl
03:17:15 INFO  : Platform repository initialization has completed.
03:17:16 INFO  : Registering command handlers for Vitis TCF services
03:17:17 INFO  : XSCT server has started successfully.
03:17:18 INFO  : plnx-install-location is set to ''
03:17:18 INFO  : Successfully done setting XSCT server connection channel  
03:17:18 INFO  : Successfully done query RDI_DATADIR 
03:17:18 INFO  : Successfully done setting workspace for the tool. 
03:17:50 INFO  : Result from executing command 'getProjects': top_level
03:17:50 INFO  : Result from executing command 'getPlatforms': 
03:17:50 WARN  : An unexpected exception occurred in the module 'platform project logging'
03:17:50 INFO  : Platform 'top_level' is added to custom repositories.
03:17:52 INFO  : Platform 'top_level' is added to custom repositories.
03:24:07 INFO  : Result from executing command 'removePlatformRepo': 
03:24:37 INFO  : Result from executing command 'getProjects': top_level
03:24:37 INFO  : Result from executing command 'getPlatforms': 
03:24:40 INFO  : Checking for BSP changes to sync application flags for project 'PlantsVsZombies'...
03:28:24 INFO  : Result from executing command 'removePlatformRepo': 
03:28:31 INFO  : Result from executing command 'getProjects': top_level
03:28:31 INFO  : Result from executing command 'getPlatforms': 
03:28:34 INFO  : Checking for BSP changes to sync application flags for project 'PlantsVsZombies'...
03:29:13 INFO  : Result from executing command 'removePlatformRepo': 
03:29:19 INFO  : Result from executing command 'getProjects': top_level
03:29:19 INFO  : Result from executing command 'getPlatforms': 
03:29:23 INFO  : Checking for BSP changes to sync application flags for project 'PlantsVsZombies'...
03:33:34 INFO  : Hardware specification for platform project 'top_level' is updated.
03:35:58 INFO  : Hardware specification for platform project 'top_level' is updated.
03:47:44 INFO  : Result from executing command 'removePlatformRepo': 
03:47:51 INFO  : Result from executing command 'getProjects': top_level
03:47:51 INFO  : Result from executing command 'getPlatforms': 
03:47:54 INFO  : Checking for BSP changes to sync application flags for project 'PlantsVsZombies'...
03:47:56 INFO  : The hardware specification used by project 'PlantsVsZombies' is out of sync with the platform. Resource files extracted from the hardware specification will be updated.
03:47:56 INFO  : The file '/media/lifrankfan/CrucialX6/PlantsVsZombie/workspace/PlantsVsZombies/_ide/bitstream/top_level.bit' stored in project is removed.
03:47:56 INFO  : The file '/media/lifrankfan/CrucialX6/PlantsVsZombie/workspace/PlantsVsZombies/_ide/bitstream/top_level.mmi' stored in project is removed.
03:47:56 INFO  : The updated bitstream files are copied from platform to folder '/media/lifrankfan/CrucialX6/PlantsVsZombie/workspace/PlantsVsZombies/_ide/bitstream' in project 'PlantsVsZombies'.
03:48:07 INFO  : Connected to target on host '127.0.0.1' and port '3121'.
03:48:07 INFO  : Jtag cable 'RealDigital Boo 8874292301CEA' is selected.
03:48:07 INFO  : 'jtag frequency' command is executed.
03:48:08 INFO  : 'targets -set -filter {jtag_cable_name =~ "RealDigital Boo 8874292301CEA" && level==0 && jtag_device_ctx=="jsn1-0362f093-0"}' command is executed.
03:48:09 INFO  : Device configured successfully with "/media/lifrankfan/CrucialX6/PlantsVsZombie/workspace/PlantsVsZombies/_ide/bitstream/top_level.bit"
03:48:09 INFO  : Context for processor 'microblaze_0' is selected.
03:48:09 INFO  : Hardware design and registers information is loaded from '/media/lifrankfan/CrucialX6/PlantsVsZombie/workspace/top_level/export/top_level/hw/top_level.xsa'.
03:48:09 INFO  : 'configparams mdm-detect-bscan-mask 2' command is executed.
03:48:09 INFO  : Context for processor 'microblaze_0' is selected.
03:48:09 INFO  : System reset is completed.
03:48:12 INFO  : 'after 3000' command is executed.
03:48:12 INFO  : Context for processor 'microblaze_0' is selected.
03:48:12 INFO  : The application '/media/lifrankfan/CrucialX6/PlantsVsZombie/workspace/PlantsVsZombies/Debug/PlantsVsZombies.elf' is downloaded to processor 'microblaze_0'.
03:48:12 INFO  : ----------------XSDB Script----------------
connect -url tcp:127.0.0.1:3121
targets -set -filter {jtag_cable_name =~ "RealDigital Boo 8874292301CEA" && level==0 && jtag_device_ctx=="jsn1-0362f093-0"}
fpga -file /media/lifrankfan/CrucialX6/PlantsVsZombie/workspace/PlantsVsZombies/_ide/bitstream/top_level.bit
targets -set -nocase -filter {name =~ "*microblaze*#0" && bscan=="USER2" }
loadhw -hw /media/lifrankfan/CrucialX6/PlantsVsZombie/workspace/top_level/export/top_level/hw/top_level.xsa -regs
configparams mdm-detect-bscan-mask 2
targets -set -nocase -filter {name =~ "*microblaze*#0" && bscan=="USER2" }
rst -system
after 3000
targets -set -nocase -filter {name =~ "*microblaze*#0" && bscan=="USER2" }
dow /media/lifrankfan/CrucialX6/PlantsVsZombie/workspace/PlantsVsZombies/Debug/PlantsVsZombies.elf
----------------End of Script----------------

03:48:12 INFO  : Context for processor 'microblaze_0' is selected.
03:48:12 INFO  : 'con' command is executed.
03:48:12 INFO  : ----------------XSDB Script (After Launch)----------------
targets -set -nocase -filter {name =~ "*microblaze*#0" && bscan=="USER2" }
con
----------------End of Script----------------

03:48:12 INFO  : Disconnected from the channel tcfchan#9.
03:54:33 INFO  : Hardware specification for platform project 'top_level' is updated.
03:57:22 INFO  : Result from executing command 'removePlatformRepo': 
03:57:29 INFO  : Result from executing command 'getProjects': top_level
03:57:29 INFO  : Result from executing command 'getPlatforms': 
03:57:32 INFO  : Checking for BSP changes to sync application flags for project 'PlantsVsZombies'...
03:57:34 INFO  : The hardware specification used by project 'PlantsVsZombies' is out of sync with the platform. Resource files extracted from the hardware specification will be updated.
03:57:34 INFO  : The file '/media/lifrankfan/CrucialX6/PlantsVsZombie/workspace/PlantsVsZombies/_ide/bitstream/top_level.bit' stored in project is removed.
03:57:34 INFO  : The file '/media/lifrankfan/CrucialX6/PlantsVsZombie/workspace/PlantsVsZombies/_ide/bitstream/top_level.mmi' stored in project is removed.
03:57:34 INFO  : The updated bitstream files are copied from platform to folder '/media/lifrankfan/CrucialX6/PlantsVsZombie/workspace/PlantsVsZombies/_ide/bitstream' in project 'PlantsVsZombies'.
03:57:47 INFO  : Connected to target on host '127.0.0.1' and port '3121'.
03:57:47 INFO  : Jtag cable 'RealDigital Boo 8874292301CEA' is selected.
03:57:47 INFO  : 'jtag frequency' command is executed.
03:57:47 INFO  : 'targets -set -filter {jtag_cable_name =~ "RealDigital Boo 8874292301CEA" && level==0 && jtag_device_ctx=="jsn1-0362f093-0"}' command is executed.
03:57:48 INFO  : Device configured successfully with "/media/lifrankfan/CrucialX6/PlantsVsZombie/workspace/PlantsVsZombies/_ide/bitstream/top_level.bit"
03:57:48 INFO  : Context for processor 'microblaze_0' is selected.
03:57:48 INFO  : Hardware design and registers information is loaded from '/media/lifrankfan/CrucialX6/PlantsVsZombie/workspace/top_level/export/top_level/hw/top_level.xsa'.
03:57:48 INFO  : 'configparams mdm-detect-bscan-mask 2' command is executed.
03:57:48 INFO  : Context for processor 'microblaze_0' is selected.
03:57:48 INFO  : System reset is completed.
03:57:51 INFO  : 'after 3000' command is executed.
03:57:52 INFO  : Context for processor 'microblaze_0' is selected.
03:57:52 INFO  : The application '/media/lifrankfan/CrucialX6/PlantsVsZombie/workspace/PlantsVsZombies/Debug/PlantsVsZombies.elf' is downloaded to processor 'microblaze_0'.
03:57:52 INFO  : ----------------XSDB Script----------------
connect -url tcp:127.0.0.1:3121
targets -set -filter {jtag_cable_name =~ "RealDigital Boo 8874292301CEA" && level==0 && jtag_device_ctx=="jsn1-0362f093-0"}
fpga -file /media/lifrankfan/CrucialX6/PlantsVsZombie/workspace/PlantsVsZombies/_ide/bitstream/top_level.bit
targets -set -nocase -filter {name =~ "*microblaze*#0" && bscan=="USER2" }
loadhw -hw /media/lifrankfan/CrucialX6/PlantsVsZombie/workspace/top_level/export/top_level/hw/top_level.xsa -regs
configparams mdm-detect-bscan-mask 2
targets -set -nocase -filter {name =~ "*microblaze*#0" && bscan=="USER2" }
rst -system
after 3000
targets -set -nocase -filter {name =~ "*microblaze*#0" && bscan=="USER2" }
dow /media/lifrankfan/CrucialX6/PlantsVsZombie/workspace/PlantsVsZombies/Debug/PlantsVsZombies.elf
----------------End of Script----------------

03:57:52 INFO  : Context for processor 'microblaze_0' is selected.
03:57:52 INFO  : 'con' command is executed.
03:57:52 INFO  : ----------------XSDB Script (After Launch)----------------
targets -set -nocase -filter {name =~ "*microblaze*#0" && bscan=="USER2" }
con
----------------End of Script----------------

03:57:52 INFO  : Disconnected from the channel tcfchan#12.
03:58:28 INFO  : Hardware specification for platform project 'top_level' is updated.
03:58:37 INFO  : Result from executing command 'removePlatformRepo': 
03:58:44 INFO  : Result from executing command 'getProjects': top_level
03:58:44 INFO  : Result from executing command 'getPlatforms': 
03:58:47 INFO  : Checking for BSP changes to sync application flags for project 'PlantsVsZombies'...
03:58:49 INFO  : The hardware specification used by project 'PlantsVsZombies' is out of sync with the platform. Resource files extracted from the hardware specification will be updated.
03:58:49 INFO  : The file '/media/lifrankfan/CrucialX6/PlantsVsZombie/workspace/PlantsVsZombies/_ide/bitstream/top_level.bit' stored in project is removed.
03:58:49 INFO  : The file '/media/lifrankfan/CrucialX6/PlantsVsZombie/workspace/PlantsVsZombies/_ide/bitstream/top_level.mmi' stored in project is removed.
03:58:49 INFO  : The updated bitstream files are copied from platform to folder '/media/lifrankfan/CrucialX6/PlantsVsZombie/workspace/PlantsVsZombies/_ide/bitstream' in project 'PlantsVsZombies'.
03:59:04 INFO  : Connected to target on host '127.0.0.1' and port '3121'.
03:59:05 INFO  : Jtag cable 'RealDigital Boo 8874292301CEA' is selected.
03:59:05 INFO  : 'jtag frequency' command is executed.
03:59:05 INFO  : 'targets -set -filter {jtag_cable_name =~ "RealDigital Boo 8874292301CEA" && level==0 && jtag_device_ctx=="jsn1-0362f093-0"}' command is executed.
03:59:06 INFO  : Device configured successfully with "/media/lifrankfan/CrucialX6/PlantsVsZombie/workspace/PlantsVsZombies/_ide/bitstream/top_level.bit"
03:59:06 INFO  : Context for processor 'microblaze_0' is selected.
03:59:06 INFO  : Hardware design and registers information is loaded from '/media/lifrankfan/CrucialX6/PlantsVsZombie/workspace/top_level/export/top_level/hw/top_level.xsa'.
03:59:06 INFO  : 'configparams mdm-detect-bscan-mask 2' command is executed.
03:59:06 INFO  : Context for processor 'microblaze_0' is selected.
03:59:06 INFO  : System reset is completed.
03:59:09 INFO  : 'after 3000' command is executed.
03:59:09 INFO  : Context for processor 'microblaze_0' is selected.
03:59:09 INFO  : The application '/media/lifrankfan/CrucialX6/PlantsVsZombie/workspace/PlantsVsZombies/Debug/PlantsVsZombies.elf' is downloaded to processor 'microblaze_0'.
03:59:09 INFO  : ----------------XSDB Script----------------
connect -url tcp:127.0.0.1:3121
targets -set -filter {jtag_cable_name =~ "RealDigital Boo 8874292301CEA" && level==0 && jtag_device_ctx=="jsn1-0362f093-0"}
fpga -file /media/lifrankfan/CrucialX6/PlantsVsZombie/workspace/PlantsVsZombies/_ide/bitstream/top_level.bit
targets -set -nocase -filter {name =~ "*microblaze*#0" && bscan=="USER2" }
loadhw -hw /media/lifrankfan/CrucialX6/PlantsVsZombie/workspace/top_level/export/top_level/hw/top_level.xsa -regs
configparams mdm-detect-bscan-mask 2
targets -set -nocase -filter {name =~ "*microblaze*#0" && bscan=="USER2" }
rst -system
after 3000
targets -set -nocase -filter {name =~ "*microblaze*#0" && bscan=="USER2" }
dow /media/lifrankfan/CrucialX6/PlantsVsZombie/workspace/PlantsVsZombies/Debug/PlantsVsZombies.elf
----------------End of Script----------------

03:59:09 INFO  : Context for processor 'microblaze_0' is selected.
03:59:09 INFO  : 'con' command is executed.
03:59:09 INFO  : ----------------XSDB Script (After Launch)----------------
targets -set -nocase -filter {name =~ "*microblaze*#0" && bscan=="USER2" }
con
----------------End of Script----------------

03:59:09 INFO  : Disconnected from the channel tcfchan#15.
04:05:36 INFO  : Hardware specification for platform project 'top_level' is updated.
04:06:35 INFO  : Hardware specification for platform project 'top_level' is updated.
04:06:48 INFO  : Result from executing command 'removePlatformRepo': 
04:06:55 INFO  : Result from executing command 'getProjects': top_level
04:06:55 INFO  : Result from executing command 'getPlatforms': 
04:06:58 INFO  : Checking for BSP changes to sync application flags for project 'PlantsVsZombies'...
04:06:58 INFO  : Updating application flags with new BSP settings...
04:06:58 ERROR : Failed to update application flags from BSP for 'PlantsVsZombies'. Reason: null
java.lang.NullPointerException: null
	at com.xilinx.sdk.sw.internal.SwDb.getComponentAppCompilerFlags(SwDb.java:761) ~[com.xilinx.sdk.sw_1.0.0.202210132147.jar:?]
	at com.xilinx.sdx.sw.internal.SDxSwPlatform.getSwPlatformCompilerFlags(SDxSwPlatform.java:1177) ~[com.xilinx.sdx.sw_1.0.0.202210132147.jar:?]
	at com.xilinx.sdx.sdk.core.build.AppSwBuildOptionsHelper.inferSwPlatformFlags(AppSwBuildOptionsHelper.java:54) ~[com.xilinx.sdx.sdk.core_1.0.0.202210132147.jar:?]
	at com.xilinx.sdx.sdk.core.build.AppSwBuildOptionsHelper.updateBuildOptions(AppSwBuildOptionsHelper.java:46) ~[com.xilinx.sdx.sdk.core_1.0.0.202210132147.jar:?]
	at com.xilinx.sdx.sdk.core.build.SdkMakefileGenerationListener.updateSwBuildOptions(SdkMakefileGenerationListener.java:215) ~[com.xilinx.sdx.sdk.core_1.0.0.202210132147.jar:?]
	at com.xilinx.sdx.sdk.core.build.SdkMakefileGenerationListener.syncAppFlags(SdkMakefileGenerationListener.java:99) [com.xilinx.sdx.sdk.core_1.0.0.202210132147.jar:?]
	at com.xilinx.sdx.sdk.core.build.SdkMakefileGenerationListener.preMakefileGeneration(SdkMakefileGenerationListener.java:48) [com.xilinx.sdx.sdk.core_1.0.0.202210132147.jar:?]
	at com.xilinx.sdk.managedbuilder.XilinxGnuMakefileGenerator.notifyPreMakefileGenerationListeners(XilinxGnuMakefileGenerator.java:91) [com.xilinx.sdk.managedbuilder_1.0.0.202210132147.jar:?]
	at com.xilinx.sdk.managedbuilder.XilinxGnuMakefileGenerator.regenerateMakefiles(XilinxGnuMakefileGenerator.java:75) [com.xilinx.sdk.managedbuilder_1.0.0.202210132147.jar:?]
	at org.eclipse.cdt.managedbuilder.internal.core.CommonBuilder.performMakefileGeneration(CommonBuilder.java:1006) [org.eclipse.cdt.managedbuilder.core_8.6.0.201802261533.jar:?]
	at org.eclipse.cdt.managedbuilder.internal.core.CommonBuilder.performPrebuildGeneration(CommonBuilder.java:873) [org.eclipse.cdt.managedbuilder.core_8.6.0.201802261533.jar:?]
	at org.eclipse.cdt.managedbuilder.internal.core.CommonBuilder.build(CommonBuilder.java:748) [org.eclipse.cdt.managedbuilder.core_8.6.0.201802261533.jar:?]
	at org.eclipse.cdt.managedbuilder.internal.core.CommonBuilder.build(CommonBuilder.java:513) [org.eclipse.cdt.managedbuilder.core_8.6.0.201802261533.jar:?]
	at org.eclipse.cdt.managedbuilder.internal.core.CommonBuilder.build(CommonBuilder.java:459) [org.eclipse.cdt.managedbuilder.core_8.6.0.201802261533.jar:?]
	at org.eclipse.core.internal.events.BuildManager$2.run(BuildManager.java:832) [org.eclipse.core.resources_3.13.700.v20200209-1624.jar:?]
	at org.eclipse.core.runtime.SafeRunner.run(SafeRunner.java:45) [org.eclipse.equinox.common_3.11.0.v20200206-0817.jar:?]
	at org.eclipse.core.internal.events.BuildManager.basicBuild(BuildManager.java:220) [org.eclipse.core.resources_3.13.700.v20200209-1624.jar:?]
	at org.eclipse.core.internal.events.BuildManager.basicBuild(BuildManager.java:263) [org.eclipse.core.resources_3.13.700.v20200209-1624.jar:?]
	at org.eclipse.core.internal.events.BuildManager$1.run(BuildManager.java:316) [org.eclipse.core.resources_3.13.700.v20200209-1624.jar:?]
	at org.eclipse.core.runtime.SafeRunner.run(SafeRunner.java:45) [org.eclipse.equinox.common_3.11.0.v20200206-0817.jar:?]
	at org.eclipse.core.internal.events.BuildManager.basicBuild(BuildManager.java:319) [org.eclipse.core.resources_3.13.700.v20200209-1624.jar:?]
	at org.eclipse.core.internal.events.BuildManager.basicBuildLoop(BuildManager.java:371) [org.eclipse.core.resources_3.13.700.v20200209-1624.jar:?]
	at org.eclipse.core.internal.events.BuildManager.build(BuildManager.java:392) [org.eclipse.core.resources_3.13.700.v20200209-1624.jar:?]
	at org.eclipse.core.internal.resources.Workspace.buildInternal(Workspace.java:515) [org.eclipse.core.resources_3.13.700.v20200209-1624.jar:?]
	at org.eclipse.core.internal.resources.Workspace.build(Workspace.java:405) [org.eclipse.core.resources_3.13.700.v20200209-1624.jar:?]
	at org.eclipse.ui.actions.GlobalBuildAction$1.run(GlobalBuildAction.java:180) [org.eclipse.ui.ide_3.17.0.v20200217-1511.jar:?]
	at org.eclipse.core.internal.jobs.Worker.run(Worker.java:63) [org.eclipse.core.jobs_3.10.700.v20200106-1020.jar:?]
04:07:00 INFO  : The hardware specification used by project 'PlantsVsZombies' is out of sync with the platform. Resource files extracted from the hardware specification will be updated.
04:07:00 INFO  : The file '/media/lifrankfan/CrucialX6/PlantsVsZombie/workspace/PlantsVsZombies/_ide/bitstream/top_level.bit' stored in project is removed.
04:07:00 INFO  : The file '/media/lifrankfan/CrucialX6/PlantsVsZombie/workspace/PlantsVsZombies/_ide/bitstream/top_level.mmi' stored in project is removed.
04:07:00 INFO  : The updated bitstream files are copied from platform to folder '/media/lifrankfan/CrucialX6/PlantsVsZombie/workspace/PlantsVsZombies/_ide/bitstream' in project 'PlantsVsZombies'.
04:07:05 INFO  : Connected to target on host '127.0.0.1' and port '3121'.
04:07:05 INFO  : Jtag cable 'RealDigital Boo 8874292301CEA' is selected.
04:07:05 INFO  : 'jtag frequency' command is executed.
04:07:05 INFO  : 'targets -set -filter {jtag_cable_name =~ "RealDigital Boo 8874292301CEA" && level==0 && jtag_device_ctx=="jsn1-0362f093-0"}' command is executed.
04:07:07 INFO  : Device configured successfully with "/media/lifrankfan/CrucialX6/PlantsVsZombie/workspace/PlantsVsZombies/_ide/bitstream/top_level.bit"
04:07:07 INFO  : Context for processor 'microblaze_0' is selected.
04:07:07 INFO  : Hardware design and registers information is loaded from '/media/lifrankfan/CrucialX6/PlantsVsZombie/workspace/top_level/export/top_level/hw/top_level.xsa'.
04:07:07 INFO  : 'configparams mdm-detect-bscan-mask 2' command is executed.
04:07:07 INFO  : Context for processor 'microblaze_0' is selected.
04:07:07 INFO  : System reset is completed.
04:07:10 INFO  : 'after 3000' command is executed.
04:07:10 INFO  : Context for processor 'microblaze_0' is selected.
04:07:10 INFO  : The application '/media/lifrankfan/CrucialX6/PlantsVsZombie/workspace/PlantsVsZombies/Debug/PlantsVsZombies.elf' is downloaded to processor 'microblaze_0'.
04:07:10 INFO  : ----------------XSDB Script----------------
connect -url tcp:127.0.0.1:3121
targets -set -filter {jtag_cable_name =~ "RealDigital Boo 8874292301CEA" && level==0 && jtag_device_ctx=="jsn1-0362f093-0"}
fpga -file /media/lifrankfan/CrucialX6/PlantsVsZombie/workspace/PlantsVsZombies/_ide/bitstream/top_level.bit
targets -set -nocase -filter {name =~ "*microblaze*#0" && bscan=="USER2" }
loadhw -hw /media/lifrankfan/CrucialX6/PlantsVsZombie/workspace/top_level/export/top_level/hw/top_level.xsa -regs
configparams mdm-detect-bscan-mask 2
targets -set -nocase -filter {name =~ "*microblaze*#0" && bscan=="USER2" }
rst -system
after 3000
targets -set -nocase -filter {name =~ "*microblaze*#0" && bscan=="USER2" }
dow /media/lifrankfan/CrucialX6/PlantsVsZombie/workspace/PlantsVsZombies/Debug/PlantsVsZombies.elf
----------------End of Script----------------

04:07:10 INFO  : Context for processor 'microblaze_0' is selected.
04:07:10 INFO  : 'con' command is executed.
04:07:10 INFO  : ----------------XSDB Script (After Launch)----------------
targets -set -nocase -filter {name =~ "*microblaze*#0" && bscan=="USER2" }
con
----------------End of Script----------------

04:07:10 INFO  : Disconnected from the channel tcfchan#18.
04:20:13 INFO  : Hardware specification for platform project 'top_level' is updated.
04:20:31 INFO  : Result from executing command 'removePlatformRepo': 
04:20:38 INFO  : Result from executing command 'getProjects': top_level
04:20:38 INFO  : Result from executing command 'getPlatforms': 
04:20:41 INFO  : Checking for BSP changes to sync application flags for project 'PlantsVsZombies'...
04:20:41 INFO  : Updating application flags with new BSP settings...
04:20:41 ERROR : Failed to update application flags from BSP for 'PlantsVsZombies'. Reason: null
java.lang.NullPointerException: null
	at com.xilinx.sdk.sw.internal.SwDb.getComponentAppCompilerFlags(SwDb.java:761) ~[com.xilinx.sdk.sw_1.0.0.202210132147.jar:?]
	at com.xilinx.sdx.sw.internal.SDxSwPlatform.getSwPlatformCompilerFlags(SDxSwPlatform.java:1177) ~[com.xilinx.sdx.sw_1.0.0.202210132147.jar:?]
	at com.xilinx.sdx.sdk.core.build.AppSwBuildOptionsHelper.inferSwPlatformFlags(AppSwBuildOptionsHelper.java:54) ~[com.xilinx.sdx.sdk.core_1.0.0.202210132147.jar:?]
	at com.xilinx.sdx.sdk.core.build.AppSwBuildOptionsHelper.updateBuildOptions(AppSwBuildOptionsHelper.java:46) ~[com.xilinx.sdx.sdk.core_1.0.0.202210132147.jar:?]
	at com.xilinx.sdx.sdk.core.build.SdkMakefileGenerationListener.updateSwBuildOptions(SdkMakefileGenerationListener.java:215) ~[com.xilinx.sdx.sdk.core_1.0.0.202210132147.jar:?]
	at com.xilinx.sdx.sdk.core.build.SdkMakefileGenerationListener.syncAppFlags(SdkMakefileGenerationListener.java:99) [com.xilinx.sdx.sdk.core_1.0.0.202210132147.jar:?]
	at com.xilinx.sdx.sdk.core.build.SdkMakefileGenerationListener.preMakefileGeneration(SdkMakefileGenerationListener.java:48) [com.xilinx.sdx.sdk.core_1.0.0.202210132147.jar:?]
	at com.xilinx.sdk.managedbuilder.XilinxGnuMakefileGenerator.notifyPreMakefileGenerationListeners(XilinxGnuMakefileGenerator.java:91) [com.xilinx.sdk.managedbuilder_1.0.0.202210132147.jar:?]
	at com.xilinx.sdk.managedbuilder.XilinxGnuMakefileGenerator.regenerateMakefiles(XilinxGnuMakefileGenerator.java:75) [com.xilinx.sdk.managedbuilder_1.0.0.202210132147.jar:?]
	at org.eclipse.cdt.managedbuilder.internal.core.CommonBuilder.performMakefileGeneration(CommonBuilder.java:1006) [org.eclipse.cdt.managedbuilder.core_8.6.0.201802261533.jar:?]
	at org.eclipse.cdt.managedbuilder.internal.core.CommonBuilder.performPrebuildGeneration(CommonBuilder.java:873) [org.eclipse.cdt.managedbuilder.core_8.6.0.201802261533.jar:?]
	at org.eclipse.cdt.managedbuilder.internal.core.CommonBuilder.build(CommonBuilder.java:748) [org.eclipse.cdt.managedbuilder.core_8.6.0.201802261533.jar:?]
	at org.eclipse.cdt.managedbuilder.internal.core.CommonBuilder.build(CommonBuilder.java:513) [org.eclipse.cdt.managedbuilder.core_8.6.0.201802261533.jar:?]
	at org.eclipse.cdt.managedbuilder.internal.core.CommonBuilder.build(CommonBuilder.java:459) [org.eclipse.cdt.managedbuilder.core_8.6.0.201802261533.jar:?]
	at org.eclipse.core.internal.events.BuildManager$2.run(BuildManager.java:832) [org.eclipse.core.resources_3.13.700.v20200209-1624.jar:?]
	at org.eclipse.core.runtime.SafeRunner.run(SafeRunner.java:45) [org.eclipse.equinox.common_3.11.0.v20200206-0817.jar:?]
	at org.eclipse.core.internal.events.BuildManager.basicBuild(BuildManager.java:220) [org.eclipse.core.resources_3.13.700.v20200209-1624.jar:?]
	at org.eclipse.core.internal.events.BuildManager.basicBuild(BuildManager.java:263) [org.eclipse.core.resources_3.13.700.v20200209-1624.jar:?]
	at org.eclipse.core.internal.events.BuildManager$1.run(BuildManager.java:316) [org.eclipse.core.resources_3.13.700.v20200209-1624.jar:?]
	at org.eclipse.core.runtime.SafeRunner.run(SafeRunner.java:45) [org.eclipse.equinox.common_3.11.0.v20200206-0817.jar:?]
	at org.eclipse.core.internal.events.BuildManager.basicBuild(BuildManager.java:319) [org.eclipse.core.resources_3.13.700.v20200209-1624.jar:?]
	at org.eclipse.core.internal.events.BuildManager.basicBuildLoop(BuildManager.java:371) [org.eclipse.core.resources_3.13.700.v20200209-1624.jar:?]
	at org.eclipse.core.internal.events.BuildManager.build(BuildManager.java:392) [org.eclipse.core.resources_3.13.700.v20200209-1624.jar:?]
	at org.eclipse.core.internal.resources.Workspace.buildInternal(Workspace.java:515) [org.eclipse.core.resources_3.13.700.v20200209-1624.jar:?]
	at org.eclipse.core.internal.resources.Workspace.build(Workspace.java:405) [org.eclipse.core.resources_3.13.700.v20200209-1624.jar:?]
	at org.eclipse.ui.actions.GlobalBuildAction$1.run(GlobalBuildAction.java:180) [org.eclipse.ui.ide_3.17.0.v20200217-1511.jar:?]
	at org.eclipse.core.internal.jobs.Worker.run(Worker.java:63) [org.eclipse.core.jobs_3.10.700.v20200106-1020.jar:?]
04:20:43 INFO  : The hardware specification used by project 'PlantsVsZombies' is out of sync with the platform. Resource files extracted from the hardware specification will be updated.
04:20:43 INFO  : The file '/media/lifrankfan/CrucialX6/PlantsVsZombie/workspace/PlantsVsZombies/_ide/bitstream/top_level.bit' stored in project is removed.
04:20:43 INFO  : The file '/media/lifrankfan/CrucialX6/PlantsVsZombie/workspace/PlantsVsZombies/_ide/bitstream/top_level.mmi' stored in project is removed.
04:20:43 INFO  : The updated bitstream files are copied from platform to folder '/media/lifrankfan/CrucialX6/PlantsVsZombie/workspace/PlantsVsZombies/_ide/bitstream' in project 'PlantsVsZombies'.
04:21:24 INFO  : Connected to target on host '127.0.0.1' and port '3121'.
04:21:24 INFO  : Jtag cable 'RealDigital Boo 8874292301CEA' is selected.
04:21:24 INFO  : 'jtag frequency' command is executed.
04:21:24 INFO  : 'targets -set -filter {jtag_cable_name =~ "RealDigital Boo 8874292301CEA" && level==0 && jtag_device_ctx=="jsn1-0362f093-0"}' command is executed.
04:21:25 INFO  : Device configured successfully with "/media/lifrankfan/CrucialX6/PlantsVsZombie/workspace/PlantsVsZombies/_ide/bitstream/top_level.bit"
04:21:26 INFO  : Context for processor 'microblaze_0' is selected.
04:21:26 INFO  : Hardware design and registers information is loaded from '/media/lifrankfan/CrucialX6/PlantsVsZombie/workspace/top_level/export/top_level/hw/top_level.xsa'.
04:21:26 INFO  : 'configparams mdm-detect-bscan-mask 2' command is executed.
04:21:26 INFO  : Context for processor 'microblaze_0' is selected.
04:21:26 INFO  : System reset is completed.
04:21:29 INFO  : 'after 3000' command is executed.
04:21:29 INFO  : Context for processor 'microblaze_0' is selected.
04:21:29 INFO  : The application '/media/lifrankfan/CrucialX6/PlantsVsZombie/workspace/PlantsVsZombies/Debug/PlantsVsZombies.elf' is downloaded to processor 'microblaze_0'.
04:21:29 INFO  : ----------------XSDB Script----------------
connect -url tcp:127.0.0.1:3121
targets -set -filter {jtag_cable_name =~ "RealDigital Boo 8874292301CEA" && level==0 && jtag_device_ctx=="jsn1-0362f093-0"}
fpga -file /media/lifrankfan/CrucialX6/PlantsVsZombie/workspace/PlantsVsZombies/_ide/bitstream/top_level.bit
targets -set -nocase -filter {name =~ "*microblaze*#0" && bscan=="USER2" }
loadhw -hw /media/lifrankfan/CrucialX6/PlantsVsZombie/workspace/top_level/export/top_level/hw/top_level.xsa -regs
configparams mdm-detect-bscan-mask 2
targets -set -nocase -filter {name =~ "*microblaze*#0" && bscan=="USER2" }
rst -system
after 3000
targets -set -nocase -filter {name =~ "*microblaze*#0" && bscan=="USER2" }
dow /media/lifrankfan/CrucialX6/PlantsVsZombie/workspace/PlantsVsZombies/Debug/PlantsVsZombies.elf
----------------End of Script----------------

04:21:29 INFO  : Context for processor 'microblaze_0' is selected.
04:21:29 INFO  : 'con' command is executed.
04:21:29 INFO  : ----------------XSDB Script (After Launch)----------------
targets -set -nocase -filter {name =~ "*microblaze*#0" && bscan=="USER2" }
con
----------------End of Script----------------

04:21:29 INFO  : Disconnected from the channel tcfchan#21.
09:19:44 INFO  : Hardware specification for platform project 'top_level' is updated.
09:20:25 INFO  : Hardware specification for platform project 'top_level' is updated.
09:20:35 INFO  : Result from executing command 'removePlatformRepo': 
09:20:42 INFO  : Result from executing command 'getProjects': top_level
09:20:42 INFO  : Result from executing command 'getPlatforms': 
09:20:45 INFO  : Checking for BSP changes to sync application flags for project 'PlantsVsZombies'...
09:20:45 INFO  : Updating application flags with new BSP settings...
09:20:45 ERROR : Failed to update application flags from BSP for 'PlantsVsZombies'. Reason: null
java.lang.NullPointerException: null
	at com.xilinx.sdk.sw.internal.SwDb.getComponentAppCompilerFlags(SwDb.java:761) ~[com.xilinx.sdk.sw_1.0.0.202210132147.jar:?]
	at com.xilinx.sdx.sw.internal.SDxSwPlatform.getSwPlatformCompilerFlags(SDxSwPlatform.java:1177) ~[com.xilinx.sdx.sw_1.0.0.202210132147.jar:?]
	at com.xilinx.sdx.sdk.core.build.AppSwBuildOptionsHelper.inferSwPlatformFlags(AppSwBuildOptionsHelper.java:54) ~[com.xilinx.sdx.sdk.core_1.0.0.202210132147.jar:?]
	at com.xilinx.sdx.sdk.core.build.AppSwBuildOptionsHelper.updateBuildOptions(AppSwBuildOptionsHelper.java:46) ~[com.xilinx.sdx.sdk.core_1.0.0.202210132147.jar:?]
	at com.xilinx.sdx.sdk.core.build.SdkMakefileGenerationListener.updateSwBuildOptions(SdkMakefileGenerationListener.java:215) ~[com.xilinx.sdx.sdk.core_1.0.0.202210132147.jar:?]
	at com.xilinx.sdx.sdk.core.build.SdkMakefileGenerationListener.syncAppFlags(SdkMakefileGenerationListener.java:99) [com.xilinx.sdx.sdk.core_1.0.0.202210132147.jar:?]
	at com.xilinx.sdx.sdk.core.build.SdkMakefileGenerationListener.preMakefileGeneration(SdkMakefileGenerationListener.java:48) [com.xilinx.sdx.sdk.core_1.0.0.202210132147.jar:?]
	at com.xilinx.sdk.managedbuilder.XilinxGnuMakefileGenerator.notifyPreMakefileGenerationListeners(XilinxGnuMakefileGenerator.java:91) [com.xilinx.sdk.managedbuilder_1.0.0.202210132147.jar:?]
	at com.xilinx.sdk.managedbuilder.XilinxGnuMakefileGenerator.regenerateMakefiles(XilinxGnuMakefileGenerator.java:75) [com.xilinx.sdk.managedbuilder_1.0.0.202210132147.jar:?]
	at org.eclipse.cdt.managedbuilder.internal.core.CommonBuilder.performMakefileGeneration(CommonBuilder.java:1006) [org.eclipse.cdt.managedbuilder.core_8.6.0.201802261533.jar:?]
	at org.eclipse.cdt.managedbuilder.internal.core.CommonBuilder.performPrebuildGeneration(CommonBuilder.java:873) [org.eclipse.cdt.managedbuilder.core_8.6.0.201802261533.jar:?]
	at org.eclipse.cdt.managedbuilder.internal.core.CommonBuilder.build(CommonBuilder.java:748) [org.eclipse.cdt.managedbuilder.core_8.6.0.201802261533.jar:?]
	at org.eclipse.cdt.managedbuilder.internal.core.CommonBuilder.build(CommonBuilder.java:513) [org.eclipse.cdt.managedbuilder.core_8.6.0.201802261533.jar:?]
	at org.eclipse.cdt.managedbuilder.internal.core.CommonBuilder.build(CommonBuilder.java:459) [org.eclipse.cdt.managedbuilder.core_8.6.0.201802261533.jar:?]
	at org.eclipse.core.internal.events.BuildManager$2.run(BuildManager.java:832) [org.eclipse.core.resources_3.13.700.v20200209-1624.jar:?]
	at org.eclipse.core.runtime.SafeRunner.run(SafeRunner.java:45) [org.eclipse.equinox.common_3.11.0.v20200206-0817.jar:?]
	at org.eclipse.core.internal.events.BuildManager.basicBuild(BuildManager.java:220) [org.eclipse.core.resources_3.13.700.v20200209-1624.jar:?]
	at org.eclipse.core.internal.events.BuildManager.basicBuild(BuildManager.java:263) [org.eclipse.core.resources_3.13.700.v20200209-1624.jar:?]
	at org.eclipse.core.internal.events.BuildManager$1.run(BuildManager.java:316) [org.eclipse.core.resources_3.13.700.v20200209-1624.jar:?]
	at org.eclipse.core.runtime.SafeRunner.run(SafeRunner.java:45) [org.eclipse.equinox.common_3.11.0.v20200206-0817.jar:?]
	at org.eclipse.core.internal.events.BuildManager.basicBuild(BuildManager.java:319) [org.eclipse.core.resources_3.13.700.v20200209-1624.jar:?]
	at org.eclipse.core.internal.events.BuildManager.basicBuildLoop(BuildManager.java:371) [org.eclipse.core.resources_3.13.700.v20200209-1624.jar:?]
	at org.eclipse.core.internal.events.BuildManager.build(BuildManager.java:392) [org.eclipse.core.resources_3.13.700.v20200209-1624.jar:?]
	at org.eclipse.core.internal.resources.Workspace.buildInternal(Workspace.java:515) [org.eclipse.core.resources_3.13.700.v20200209-1624.jar:?]
	at org.eclipse.core.internal.resources.Workspace.build(Workspace.java:405) [org.eclipse.core.resources_3.13.700.v20200209-1624.jar:?]
	at org.eclipse.ui.actions.GlobalBuildAction$1.run(GlobalBuildAction.java:180) [org.eclipse.ui.ide_3.17.0.v20200217-1511.jar:?]
	at org.eclipse.core.internal.jobs.Worker.run(Worker.java:63) [org.eclipse.core.jobs_3.10.700.v20200106-1020.jar:?]
09:20:48 INFO  : The hardware specification used by project 'PlantsVsZombies' is out of sync with the platform. Resource files extracted from the hardware specification will be updated.
09:20:48 INFO  : The file '/media/lifrankfan/CrucialX6/PlantsVsZombie/workspace/PlantsVsZombies/_ide/bitstream/top_level.bit' stored in project is removed.
09:20:48 INFO  : The file '/media/lifrankfan/CrucialX6/PlantsVsZombie/workspace/PlantsVsZombies/_ide/bitstream/top_level.mmi' stored in project is removed.
09:20:48 INFO  : The updated bitstream files are copied from platform to folder '/media/lifrankfan/CrucialX6/PlantsVsZombie/workspace/PlantsVsZombies/_ide/bitstream' in project 'PlantsVsZombies'.
09:20:56 INFO  : Connected to target on host '127.0.0.1' and port '3121'.
09:20:57 INFO  : Jtag cable 'RealDigital Boo 8874292301CEA' is selected.
09:20:57 INFO  : 'jtag frequency' command is executed.
09:20:57 INFO  : 'targets -set -filter {jtag_cable_name =~ "RealDigital Boo 8874292301CEA" && level==0 && jtag_device_ctx=="jsn1-0362f093-0"}' command is executed.
09:20:58 INFO  : Device configured successfully with "/media/lifrankfan/CrucialX6/PlantsVsZombie/workspace/PlantsVsZombies/_ide/bitstream/top_level.bit"
09:20:58 INFO  : Context for processor 'microblaze_0' is selected.
09:20:58 INFO  : Hardware design and registers information is loaded from '/media/lifrankfan/CrucialX6/PlantsVsZombie/workspace/top_level/export/top_level/hw/top_level.xsa'.
09:20:58 INFO  : 'configparams mdm-detect-bscan-mask 2' command is executed.
09:20:58 INFO  : Context for processor 'microblaze_0' is selected.
09:20:58 INFO  : System reset is completed.
09:21:01 INFO  : 'after 3000' command is executed.
09:21:01 INFO  : Context for processor 'microblaze_0' is selected.
09:21:02 INFO  : The application '/media/lifrankfan/CrucialX6/PlantsVsZombie/workspace/PlantsVsZombies/Debug/PlantsVsZombies.elf' is downloaded to processor 'microblaze_0'.
09:21:02 INFO  : ----------------XSDB Script----------------
connect -url tcp:127.0.0.1:3121
targets -set -filter {jtag_cable_name =~ "RealDigital Boo 8874292301CEA" && level==0 && jtag_device_ctx=="jsn1-0362f093-0"}
fpga -file /media/lifrankfan/CrucialX6/PlantsVsZombie/workspace/PlantsVsZombies/_ide/bitstream/top_level.bit
targets -set -nocase -filter {name =~ "*microblaze*#0" && bscan=="USER2" }
loadhw -hw /media/lifrankfan/CrucialX6/PlantsVsZombie/workspace/top_level/export/top_level/hw/top_level.xsa -regs
configparams mdm-detect-bscan-mask 2
targets -set -nocase -filter {name =~ "*microblaze*#0" && bscan=="USER2" }
rst -system
after 3000
targets -set -nocase -filter {name =~ "*microblaze*#0" && bscan=="USER2" }
dow /media/lifrankfan/CrucialX6/PlantsVsZombie/workspace/PlantsVsZombies/Debug/PlantsVsZombies.elf
----------------End of Script----------------

09:21:02 INFO  : Context for processor 'microblaze_0' is selected.
09:21:02 INFO  : 'con' command is executed.
09:21:02 INFO  : ----------------XSDB Script (After Launch)----------------
targets -set -nocase -filter {name =~ "*microblaze*#0" && bscan=="USER2" }
con
----------------End of Script----------------

09:21:02 INFO  : Disconnected from the channel tcfchan#24.
09:41:44 INFO  : Hardware specification for platform project 'top_level' is updated.
09:41:57 INFO  : Result from executing command 'removePlatformRepo': 
09:42:04 INFO  : Result from executing command 'getProjects': top_level
09:42:04 INFO  : Result from executing command 'getPlatforms': 
09:42:07 INFO  : Checking for BSP changes to sync application flags for project 'PlantsVsZombies'...
09:42:08 INFO  : Updating application flags with new BSP settings...
09:42:08 ERROR : Failed to update application flags from BSP for 'PlantsVsZombies'. Reason: null
java.lang.NullPointerException: null
	at com.xilinx.sdk.sw.internal.SwDb.getComponentAppCompilerFlags(SwDb.java:761) ~[com.xilinx.sdk.sw_1.0.0.202210132147.jar:?]
	at com.xilinx.sdx.sw.internal.SDxSwPlatform.getSwPlatformCompilerFlags(SDxSwPlatform.java:1177) ~[com.xilinx.sdx.sw_1.0.0.202210132147.jar:?]
	at com.xilinx.sdx.sdk.core.build.AppSwBuildOptionsHelper.inferSwPlatformFlags(AppSwBuildOptionsHelper.java:54) ~[com.xilinx.sdx.sdk.core_1.0.0.202210132147.jar:?]
	at com.xilinx.sdx.sdk.core.build.AppSwBuildOptionsHelper.updateBuildOptions(AppSwBuildOptionsHelper.java:46) ~[com.xilinx.sdx.sdk.core_1.0.0.202210132147.jar:?]
	at com.xilinx.sdx.sdk.core.build.SdkMakefileGenerationListener.updateSwBuildOptions(SdkMakefileGenerationListener.java:215) ~[com.xilinx.sdx.sdk.core_1.0.0.202210132147.jar:?]
	at com.xilinx.sdx.sdk.core.build.SdkMakefileGenerationListener.syncAppFlags(SdkMakefileGenerationListener.java:99) [com.xilinx.sdx.sdk.core_1.0.0.202210132147.jar:?]
	at com.xilinx.sdx.sdk.core.build.SdkMakefileGenerationListener.preMakefileGeneration(SdkMakefileGenerationListener.java:48) [com.xilinx.sdx.sdk.core_1.0.0.202210132147.jar:?]
	at com.xilinx.sdk.managedbuilder.XilinxGnuMakefileGenerator.notifyPreMakefileGenerationListeners(XilinxGnuMakefileGenerator.java:91) [com.xilinx.sdk.managedbuilder_1.0.0.202210132147.jar:?]
	at com.xilinx.sdk.managedbuilder.XilinxGnuMakefileGenerator.regenerateMakefiles(XilinxGnuMakefileGenerator.java:75) [com.xilinx.sdk.managedbuilder_1.0.0.202210132147.jar:?]
	at org.eclipse.cdt.managedbuilder.internal.core.CommonBuilder.performMakefileGeneration(CommonBuilder.java:1006) [org.eclipse.cdt.managedbuilder.core_8.6.0.201802261533.jar:?]
	at org.eclipse.cdt.managedbuilder.internal.core.CommonBuilder.performPrebuildGeneration(CommonBuilder.java:873) [org.eclipse.cdt.managedbuilder.core_8.6.0.201802261533.jar:?]
	at org.eclipse.cdt.managedbuilder.internal.core.CommonBuilder.build(CommonBuilder.java:748) [org.eclipse.cdt.managedbuilder.core_8.6.0.201802261533.jar:?]
	at org.eclipse.cdt.managedbuilder.internal.core.CommonBuilder.build(CommonBuilder.java:513) [org.eclipse.cdt.managedbuilder.core_8.6.0.201802261533.jar:?]
	at org.eclipse.cdt.managedbuilder.internal.core.CommonBuilder.build(CommonBuilder.java:459) [org.eclipse.cdt.managedbuilder.core_8.6.0.201802261533.jar:?]
	at org.eclipse.core.internal.events.BuildManager$2.run(BuildManager.java:832) [org.eclipse.core.resources_3.13.700.v20200209-1624.jar:?]
	at org.eclipse.core.runtime.SafeRunner.run(SafeRunner.java:45) [org.eclipse.equinox.common_3.11.0.v20200206-0817.jar:?]
	at org.eclipse.core.internal.events.BuildManager.basicBuild(BuildManager.java:220) [org.eclipse.core.resources_3.13.700.v20200209-1624.jar:?]
	at org.eclipse.core.internal.events.BuildManager.basicBuild(BuildManager.java:263) [org.eclipse.core.resources_3.13.700.v20200209-1624.jar:?]
	at org.eclipse.core.internal.events.BuildManager$1.run(BuildManager.java:316) [org.eclipse.core.resources_3.13.700.v20200209-1624.jar:?]
	at org.eclipse.core.runtime.SafeRunner.run(SafeRunner.java:45) [org.eclipse.equinox.common_3.11.0.v20200206-0817.jar:?]
	at org.eclipse.core.internal.events.BuildManager.basicBuild(BuildManager.java:319) [org.eclipse.core.resources_3.13.700.v20200209-1624.jar:?]
	at org.eclipse.core.internal.events.BuildManager.basicBuildLoop(BuildManager.java:371) [org.eclipse.core.resources_3.13.700.v20200209-1624.jar:?]
	at org.eclipse.core.internal.events.BuildManager.build(BuildManager.java:392) [org.eclipse.core.resources_3.13.700.v20200209-1624.jar:?]
	at org.eclipse.core.internal.resources.Workspace.buildInternal(Workspace.java:515) [org.eclipse.core.resources_3.13.700.v20200209-1624.jar:?]
	at org.eclipse.core.internal.resources.Workspace.build(Workspace.java:405) [org.eclipse.core.resources_3.13.700.v20200209-1624.jar:?]
	at org.eclipse.ui.actions.GlobalBuildAction$1.run(GlobalBuildAction.java:180) [org.eclipse.ui.ide_3.17.0.v20200217-1511.jar:?]
	at org.eclipse.core.internal.jobs.Worker.run(Worker.java:63) [org.eclipse.core.jobs_3.10.700.v20200106-1020.jar:?]
09:42:10 INFO  : The hardware specification used by project 'PlantsVsZombies' is out of sync with the platform. Resource files extracted from the hardware specification will be updated.
09:42:10 INFO  : The file '/media/lifrankfan/CrucialX6/PlantsVsZombie/workspace/PlantsVsZombies/_ide/bitstream/top_level.bit' stored in project is removed.
09:42:10 INFO  : The file '/media/lifrankfan/CrucialX6/PlantsVsZombie/workspace/PlantsVsZombies/_ide/bitstream/top_level.mmi' stored in project is removed.
09:42:10 INFO  : The updated bitstream files are copied from platform to folder '/media/lifrankfan/CrucialX6/PlantsVsZombie/workspace/PlantsVsZombies/_ide/bitstream' in project 'PlantsVsZombies'.
09:42:39 INFO  : Connected to target on host '127.0.0.1' and port '3121'.
09:42:39 INFO  : Jtag cable 'RealDigital Boo 8874292301CEA' is selected.
09:42:39 INFO  : 'jtag frequency' command is executed.
09:42:39 INFO  : 'targets -set -filter {jtag_cable_name =~ "RealDigital Boo 8874292301CEA" && level==0 && jtag_device_ctx=="jsn1-0362f093-0"}' command is executed.
09:42:40 INFO  : Device configured successfully with "/media/lifrankfan/CrucialX6/PlantsVsZombie/workspace/PlantsVsZombies/_ide/bitstream/top_level.bit"
09:42:40 INFO  : Context for processor 'microblaze_0' is selected.
09:42:40 INFO  : Hardware design and registers information is loaded from '/media/lifrankfan/CrucialX6/PlantsVsZombie/workspace/top_level/export/top_level/hw/top_level.xsa'.
09:42:40 INFO  : 'configparams mdm-detect-bscan-mask 2' command is executed.
09:42:41 INFO  : Context for processor 'microblaze_0' is selected.
09:42:41 INFO  : System reset is completed.
09:42:44 INFO  : 'after 3000' command is executed.
09:42:44 INFO  : Context for processor 'microblaze_0' is selected.
09:42:44 INFO  : The application '/media/lifrankfan/CrucialX6/PlantsVsZombie/workspace/PlantsVsZombies/Debug/PlantsVsZombies.elf' is downloaded to processor 'microblaze_0'.
09:42:44 INFO  : ----------------XSDB Script----------------
connect -url tcp:127.0.0.1:3121
targets -set -filter {jtag_cable_name =~ "RealDigital Boo 8874292301CEA" && level==0 && jtag_device_ctx=="jsn1-0362f093-0"}
fpga -file /media/lifrankfan/CrucialX6/PlantsVsZombie/workspace/PlantsVsZombies/_ide/bitstream/top_level.bit
targets -set -nocase -filter {name =~ "*microblaze*#0" && bscan=="USER2" }
loadhw -hw /media/lifrankfan/CrucialX6/PlantsVsZombie/workspace/top_level/export/top_level/hw/top_level.xsa -regs
configparams mdm-detect-bscan-mask 2
targets -set -nocase -filter {name =~ "*microblaze*#0" && bscan=="USER2" }
rst -system
after 3000
targets -set -nocase -filter {name =~ "*microblaze*#0" && bscan=="USER2" }
dow /media/lifrankfan/CrucialX6/PlantsVsZombie/workspace/PlantsVsZombies/Debug/PlantsVsZombies.elf
----------------End of Script----------------

09:42:44 INFO  : Context for processor 'microblaze_0' is selected.
09:42:44 INFO  : 'con' command is executed.
09:42:44 INFO  : ----------------XSDB Script (After Launch)----------------
targets -set -nocase -filter {name =~ "*microblaze*#0" && bscan=="USER2" }
con
----------------End of Script----------------

09:42:44 INFO  : Disconnected from the channel tcfchan#27.
09:47:43 INFO  : Hardware specification for platform project 'top_level' is updated.
09:48:03 INFO  : Result from executing command 'removePlatformRepo': 
09:48:10 INFO  : Result from executing command 'getProjects': top_level
09:48:10 INFO  : Result from executing command 'getPlatforms': 
09:48:13 INFO  : Checking for BSP changes to sync application flags for project 'PlantsVsZombies'...
09:48:13 INFO  : Updating application flags with new BSP settings...
09:48:13 ERROR : Failed to update application flags from BSP for 'PlantsVsZombies'. Reason: null
java.lang.NullPointerException: null
	at com.xilinx.sdk.sw.internal.SwDb.getComponentAppCompilerFlags(SwDb.java:761) ~[com.xilinx.sdk.sw_1.0.0.202210132147.jar:?]
	at com.xilinx.sdx.sw.internal.SDxSwPlatform.getSwPlatformCompilerFlags(SDxSwPlatform.java:1177) ~[com.xilinx.sdx.sw_1.0.0.202210132147.jar:?]
	at com.xilinx.sdx.sdk.core.build.AppSwBuildOptionsHelper.inferSwPlatformFlags(AppSwBuildOptionsHelper.java:54) ~[com.xilinx.sdx.sdk.core_1.0.0.202210132147.jar:?]
	at com.xilinx.sdx.sdk.core.build.AppSwBuildOptionsHelper.updateBuildOptions(AppSwBuildOptionsHelper.java:46) ~[com.xilinx.sdx.sdk.core_1.0.0.202210132147.jar:?]
	at com.xilinx.sdx.sdk.core.build.SdkMakefileGenerationListener.updateSwBuildOptions(SdkMakefileGenerationListener.java:215) ~[com.xilinx.sdx.sdk.core_1.0.0.202210132147.jar:?]
	at com.xilinx.sdx.sdk.core.build.SdkMakefileGenerationListener.syncAppFlags(SdkMakefileGenerationListener.java:99) [com.xilinx.sdx.sdk.core_1.0.0.202210132147.jar:?]
	at com.xilinx.sdx.sdk.core.build.SdkMakefileGenerationListener.preMakefileGeneration(SdkMakefileGenerationListener.java:48) [com.xilinx.sdx.sdk.core_1.0.0.202210132147.jar:?]
	at com.xilinx.sdk.managedbuilder.XilinxGnuMakefileGenerator.notifyPreMakefileGenerationListeners(XilinxGnuMakefileGenerator.java:91) [com.xilinx.sdk.managedbuilder_1.0.0.202210132147.jar:?]
	at com.xilinx.sdk.managedbuilder.XilinxGnuMakefileGenerator.regenerateMakefiles(XilinxGnuMakefileGenerator.java:75) [com.xilinx.sdk.managedbuilder_1.0.0.202210132147.jar:?]
	at org.eclipse.cdt.managedbuilder.internal.core.CommonBuilder.performMakefileGeneration(CommonBuilder.java:1006) [org.eclipse.cdt.managedbuilder.core_8.6.0.201802261533.jar:?]
	at org.eclipse.cdt.managedbuilder.internal.core.CommonBuilder.performPrebuildGeneration(CommonBuilder.java:873) [org.eclipse.cdt.managedbuilder.core_8.6.0.201802261533.jar:?]
	at org.eclipse.cdt.managedbuilder.internal.core.CommonBuilder.build(CommonBuilder.java:748) [org.eclipse.cdt.managedbuilder.core_8.6.0.201802261533.jar:?]
	at org.eclipse.cdt.managedbuilder.internal.core.CommonBuilder.build(CommonBuilder.java:513) [org.eclipse.cdt.managedbuilder.core_8.6.0.201802261533.jar:?]
	at org.eclipse.cdt.managedbuilder.internal.core.CommonBuilder.build(CommonBuilder.java:459) [org.eclipse.cdt.managedbuilder.core_8.6.0.201802261533.jar:?]
	at org.eclipse.core.internal.events.BuildManager$2.run(BuildManager.java:832) [org.eclipse.core.resources_3.13.700.v20200209-1624.jar:?]
	at org.eclipse.core.runtime.SafeRunner.run(SafeRunner.java:45) [org.eclipse.equinox.common_3.11.0.v20200206-0817.jar:?]
	at org.eclipse.core.internal.events.BuildManager.basicBuild(BuildManager.java:220) [org.eclipse.core.resources_3.13.700.v20200209-1624.jar:?]
	at org.eclipse.core.internal.events.BuildManager.basicBuild(BuildManager.java:263) [org.eclipse.core.resources_3.13.700.v20200209-1624.jar:?]
	at org.eclipse.core.internal.events.BuildManager$1.run(BuildManager.java:316) [org.eclipse.core.resources_3.13.700.v20200209-1624.jar:?]
	at org.eclipse.core.runtime.SafeRunner.run(SafeRunner.java:45) [org.eclipse.equinox.common_3.11.0.v20200206-0817.jar:?]
	at org.eclipse.core.internal.events.BuildManager.basicBuild(BuildManager.java:319) [org.eclipse.core.resources_3.13.700.v20200209-1624.jar:?]
	at org.eclipse.core.internal.events.BuildManager.basicBuildLoop(BuildManager.java:371) [org.eclipse.core.resources_3.13.700.v20200209-1624.jar:?]
	at org.eclipse.core.internal.events.BuildManager.build(BuildManager.java:392) [org.eclipse.core.resources_3.13.700.v20200209-1624.jar:?]
	at org.eclipse.core.internal.resources.Workspace.buildInternal(Workspace.java:515) [org.eclipse.core.resources_3.13.700.v20200209-1624.jar:?]
	at org.eclipse.core.internal.resources.Workspace.build(Workspace.java:405) [org.eclipse.core.resources_3.13.700.v20200209-1624.jar:?]
	at org.eclipse.ui.actions.GlobalBuildAction$1.run(GlobalBuildAction.java:180) [org.eclipse.ui.ide_3.17.0.v20200217-1511.jar:?]
	at org.eclipse.core.internal.jobs.Worker.run(Worker.java:63) [org.eclipse.core.jobs_3.10.700.v20200106-1020.jar:?]
09:48:15 INFO  : The hardware specification used by project 'PlantsVsZombies' is out of sync with the platform. Resource files extracted from the hardware specification will be updated.
09:48:15 INFO  : The file '/media/lifrankfan/CrucialX6/PlantsVsZombie/workspace/PlantsVsZombies/_ide/bitstream/top_level.bit' stored in project is removed.
09:48:15 INFO  : The file '/media/lifrankfan/CrucialX6/PlantsVsZombie/workspace/PlantsVsZombies/_ide/bitstream/top_level.mmi' stored in project is removed.
09:48:15 INFO  : The updated bitstream files are copied from platform to folder '/media/lifrankfan/CrucialX6/PlantsVsZombie/workspace/PlantsVsZombies/_ide/bitstream' in project 'PlantsVsZombies'.
09:49:09 INFO  : Connected to target on host '127.0.0.1' and port '3121'.
09:49:09 INFO  : Jtag cable 'RealDigital Boo 8874292301CEA' is selected.
09:49:09 INFO  : 'jtag frequency' command is executed.
09:49:09 INFO  : 'targets -set -filter {jtag_cable_name =~ "RealDigital Boo 8874292301CEA" && level==0 && jtag_device_ctx=="jsn1-0362f093-0"}' command is executed.
09:49:10 INFO  : Device configured successfully with "/media/lifrankfan/CrucialX6/PlantsVsZombie/workspace/PlantsVsZombies/_ide/bitstream/top_level.bit"
09:49:10 INFO  : Context for processor 'microblaze_0' is selected.
09:49:11 INFO  : Hardware design and registers information is loaded from '/media/lifrankfan/CrucialX6/PlantsVsZombie/workspace/top_level/export/top_level/hw/top_level.xsa'.
09:49:11 INFO  : 'configparams mdm-detect-bscan-mask 2' command is executed.
09:49:11 INFO  : Context for processor 'microblaze_0' is selected.
09:49:11 INFO  : System reset is completed.
09:49:14 INFO  : 'after 3000' command is executed.
09:49:14 INFO  : Context for processor 'microblaze_0' is selected.
09:49:14 INFO  : The application '/media/lifrankfan/CrucialX6/PlantsVsZombie/workspace/PlantsVsZombies/Debug/PlantsVsZombies.elf' is downloaded to processor 'microblaze_0'.
09:49:14 INFO  : ----------------XSDB Script----------------
connect -url tcp:127.0.0.1:3121
targets -set -filter {jtag_cable_name =~ "RealDigital Boo 8874292301CEA" && level==0 && jtag_device_ctx=="jsn1-0362f093-0"}
fpga -file /media/lifrankfan/CrucialX6/PlantsVsZombie/workspace/PlantsVsZombies/_ide/bitstream/top_level.bit
targets -set -nocase -filter {name =~ "*microblaze*#0" && bscan=="USER2" }
loadhw -hw /media/lifrankfan/CrucialX6/PlantsVsZombie/workspace/top_level/export/top_level/hw/top_level.xsa -regs
configparams mdm-detect-bscan-mask 2
targets -set -nocase -filter {name =~ "*microblaze*#0" && bscan=="USER2" }
rst -system
after 3000
targets -set -nocase -filter {name =~ "*microblaze*#0" && bscan=="USER2" }
dow /media/lifrankfan/CrucialX6/PlantsVsZombie/workspace/PlantsVsZombies/Debug/PlantsVsZombies.elf
----------------End of Script----------------

09:49:14 INFO  : Context for processor 'microblaze_0' is selected.
09:49:14 INFO  : 'con' command is executed.
09:49:14 INFO  : ----------------XSDB Script (After Launch)----------------
targets -set -nocase -filter {name =~ "*microblaze*#0" && bscan=="USER2" }
con
----------------End of Script----------------

09:49:14 INFO  : Disconnected from the channel tcfchan#30.
09:50:44 ERROR : (XSDB Server)Terminated

22:23:13 DEBUG : Logs will be stored at '/media/lifrankfan/CrucialX6/PlantsVsZombie/workspace/IDE.log'.
22:23:14 INFO  : Launching XSCT server: xsct -n  -interactive /media/lifrankfan/CrucialX6/PlantsVsZombie/workspace/temp_xsdb_launch_script.tcl
22:23:16 INFO  : XSCT server has started successfully.
22:23:16 INFO  : Platform repository initialization has completed.
22:23:16 INFO  : Registering command handlers for Vitis TCF services
22:23:16 INFO  : Successfully done setting XSCT server connection channel  
22:23:16 INFO  : plnx-install-location is set to ''
22:23:16 INFO  : Successfully done query RDI_DATADIR 
22:23:16 INFO  : Successfully done setting workspace for the tool. 
22:23:31 INFO  : Hardware specification for platform project 'top_level' is updated.
22:24:05 INFO  : Result from executing command 'removePlatformRepo': 
22:24:47 INFO  : Result from executing command 'getProjects': top_level
22:24:47 INFO  : Result from executing command 'getPlatforms': 
22:24:51 INFO  : Checking for BSP changes to sync application flags for project 'PlantsVsZombies'...
22:24:51 INFO  : Updating application flags with new BSP settings...
22:24:51 INFO  : Successfully updated application flags for project PlantsVsZombies.
22:24:53 INFO  : The hardware specification used by project 'PlantsVsZombies' is out of sync with the platform. Resource files extracted from the hardware specification will be updated.
22:24:53 INFO  : The file '/media/lifrankfan/CrucialX6/PlantsVsZombie/workspace/PlantsVsZombies/_ide/bitstream/top_level.bit' stored in project is removed.
22:24:53 INFO  : The file '/media/lifrankfan/CrucialX6/PlantsVsZombie/workspace/PlantsVsZombies/_ide/bitstream/top_level.mmi' stored in project is removed.
22:24:53 INFO  : The updated bitstream files are copied from platform to folder '/media/lifrankfan/CrucialX6/PlantsVsZombie/workspace/PlantsVsZombies/_ide/bitstream' in project 'PlantsVsZombies'.
22:25:15 INFO  : Connected to target on host '127.0.0.1' and port '3121'.
22:25:15 INFO  : Jtag cable 'RealDigital Boo 8874292301CEA' is selected.
22:25:15 INFO  : 'jtag frequency' command is executed.
22:25:15 INFO  : 'targets -set -filter {jtag_cable_name =~ "RealDigital Boo 8874292301CEA" && level==0 && jtag_device_ctx=="jsn1-0362f093-0"}' command is executed.
22:25:17 INFO  : Device configured successfully with "/media/lifrankfan/CrucialX6/PlantsVsZombie/workspace/PlantsVsZombies/_ide/bitstream/top_level.bit"
22:25:17 INFO  : Context for processor 'microblaze_0' is selected.
22:25:17 INFO  : Hardware design and registers information is loaded from '/media/lifrankfan/CrucialX6/PlantsVsZombie/workspace/top_level/export/top_level/hw/top_level.xsa'.
22:25:17 INFO  : 'configparams mdm-detect-bscan-mask 2' command is executed.
22:25:17 INFO  : Context for processor 'microblaze_0' is selected.
22:25:17 INFO  : System reset is completed.
22:25:20 INFO  : 'after 3000' command is executed.
22:25:20 INFO  : Context for processor 'microblaze_0' is selected.
22:25:20 INFO  : The application '/media/lifrankfan/CrucialX6/PlantsVsZombie/workspace/PlantsVsZombies/Debug/PlantsVsZombies.elf' is downloaded to processor 'microblaze_0'.
22:25:20 INFO  : ----------------XSDB Script----------------
connect -url tcp:127.0.0.1:3121
targets -set -filter {jtag_cable_name =~ "RealDigital Boo 8874292301CEA" && level==0 && jtag_device_ctx=="jsn1-0362f093-0"}
fpga -file /media/lifrankfan/CrucialX6/PlantsVsZombie/workspace/PlantsVsZombies/_ide/bitstream/top_level.bit
targets -set -nocase -filter {name =~ "*microblaze*#0" && bscan=="USER2" }
loadhw -hw /media/lifrankfan/CrucialX6/PlantsVsZombie/workspace/top_level/export/top_level/hw/top_level.xsa -regs
configparams mdm-detect-bscan-mask 2
targets -set -nocase -filter {name =~ "*microblaze*#0" && bscan=="USER2" }
rst -system
after 3000
targets -set -nocase -filter {name =~ "*microblaze*#0" && bscan=="USER2" }
dow /media/lifrankfan/CrucialX6/PlantsVsZombie/workspace/PlantsVsZombies/Debug/PlantsVsZombies.elf
----------------End of Script----------------

22:25:20 INFO  : Context for processor 'microblaze_0' is selected.
22:25:20 INFO  : 'con' command is executed.
22:25:20 INFO  : ----------------XSDB Script (After Launch)----------------
targets -set -nocase -filter {name =~ "*microblaze*#0" && bscan=="USER2" }
con
----------------End of Script----------------

22:25:20 INFO  : Disconnected from the channel tcfchan#3.
22:44:46 INFO  : Hardware specification for platform project 'top_level' is updated.
22:49:49 INFO  : Hardware specification for platform project 'top_level' is updated.
22:50:08 INFO  : Result from executing command 'removePlatformRepo': 
22:50:39 ERROR : Invalid hardware specification '${sdxTcfLaunchFile:project=PlantsVsZombies;fileType=hw;}' in launch configuration 'Debugger_PlantsVsZombies-GDB'.
22:50:55 ERROR : Invalid hardware specification '${sdxTcfLaunchFile:project=PlantsVsZombies;fileType=hw;}' in launch configuration 'Debugger_PlantsVsZombies-GDB'.
22:51:11 INFO  : Hardware specification for platform project 'top_level' is updated.
22:51:24 ERROR : Error from executing command 'removePlatformRepo': ERROR: No valid directory exists at given path.
22:51:31 INFO  : Result from executing command 'getProjects': top_level
22:51:31 INFO  : Result from executing command 'getPlatforms': 
22:51:34 INFO  : Checking for BSP changes to sync application flags for project 'PlantsVsZombies'...
22:51:36 INFO  : The hardware specification used by project 'PlantsVsZombies' is out of sync with the platform. Resource files extracted from the hardware specification will be updated.
22:51:36 INFO  : The file '/media/lifrankfan/CrucialX6/PlantsVsZombie/workspace/PlantsVsZombies/_ide/bitstream/top_level.bit' stored in project is removed.
22:51:36 INFO  : The file '/media/lifrankfan/CrucialX6/PlantsVsZombie/workspace/PlantsVsZombies/_ide/bitstream/top_level.mmi' stored in project is removed.
22:51:36 INFO  : The updated bitstream files are copied from platform to folder '/media/lifrankfan/CrucialX6/PlantsVsZombie/workspace/PlantsVsZombies/_ide/bitstream' in project 'PlantsVsZombies'.
22:52:37 INFO  : Connected to target on host '127.0.0.1' and port '3121'.
22:52:37 INFO  : Jtag cable 'RealDigital Boo 8874292301CEA' is selected.
22:52:37 INFO  : 'jtag frequency' command is executed.
22:52:37 INFO  : 'targets -set -filter {jtag_cable_name =~ "RealDigital Boo 8874292301CEA" && level==0 && jtag_device_ctx=="jsn1-0362f093-0"}' command is executed.
22:52:39 INFO  : Device configured successfully with "/media/lifrankfan/CrucialX6/PlantsVsZombie/workspace/PlantsVsZombies/_ide/bitstream/top_level.bit"
22:52:39 INFO  : Context for processor 'microblaze_0' is selected.
22:52:39 INFO  : Hardware design and registers information is loaded from '/media/lifrankfan/CrucialX6/PlantsVsZombie/workspace/top_level/export/top_level/hw/top_level.xsa'.
22:52:39 INFO  : 'configparams mdm-detect-bscan-mask 2' command is executed.
22:52:39 INFO  : Context for processor 'microblaze_0' is selected.
22:52:39 INFO  : System reset is completed.
22:52:42 INFO  : 'after 3000' command is executed.
22:52:42 INFO  : Context for processor 'microblaze_0' is selected.
22:52:42 INFO  : The application '/media/lifrankfan/CrucialX6/PlantsVsZombie/workspace/PlantsVsZombies/Debug/PlantsVsZombies.elf' is downloaded to processor 'microblaze_0'.
22:52:42 INFO  : ----------------XSDB Script----------------
connect -url tcp:127.0.0.1:3121
targets -set -filter {jtag_cable_name =~ "RealDigital Boo 8874292301CEA" && level==0 && jtag_device_ctx=="jsn1-0362f093-0"}
fpga -file /media/lifrankfan/CrucialX6/PlantsVsZombie/workspace/PlantsVsZombies/_ide/bitstream/top_level.bit
targets -set -nocase -filter {name =~ "*microblaze*#0" && bscan=="USER2" }
loadhw -hw /media/lifrankfan/CrucialX6/PlantsVsZombie/workspace/top_level/export/top_level/hw/top_level.xsa -regs
configparams mdm-detect-bscan-mask 2
targets -set -nocase -filter {name =~ "*microblaze*#0" && bscan=="USER2" }
rst -system
after 3000
targets -set -nocase -filter {name =~ "*microblaze*#0" && bscan=="USER2" }
dow /media/lifrankfan/CrucialX6/PlantsVsZombie/workspace/PlantsVsZombies/Debug/PlantsVsZombies.elf
----------------End of Script----------------

22:52:42 INFO  : Context for processor 'microblaze_0' is selected.
22:52:42 INFO  : 'con' command is executed.
22:52:42 INFO  : ----------------XSDB Script (After Launch)----------------
targets -set -nocase -filter {name =~ "*microblaze*#0" && bscan=="USER2" }
con
----------------End of Script----------------

22:52:42 INFO  : Disconnected from the channel tcfchan#7.
22:53:38 INFO  : Connected to target on host '127.0.0.1' and port '3121'.
22:53:39 INFO  : Jtag cable 'RealDigital Boo 8874292301CEA' is selected.
22:53:39 INFO  : 'jtag frequency' command is executed.
22:53:39 INFO  : 'targets -set -filter {jtag_cable_name =~ "RealDigital Boo 8874292301CEA" && level==0 && jtag_device_ctx=="jsn1-0362f093-0"}' command is executed.
22:53:40 INFO  : Device configured successfully with "/media/lifrankfan/CrucialX6/PlantsVsZombie/workspace/PlantsVsZombies/_ide/bitstream/top_level.bit"
22:53:40 INFO  : Context for processor 'microblaze_0' is selected.
22:53:40 INFO  : Hardware design and registers information is loaded from '/media/lifrankfan/CrucialX6/PlantsVsZombie/workspace/top_level/export/top_level/hw/top_level.xsa'.
22:53:40 INFO  : 'configparams mdm-detect-bscan-mask 2' command is executed.
22:53:40 INFO  : Context for processor 'microblaze_0' is selected.
22:53:40 INFO  : System reset is completed.
22:53:43 INFO  : 'after 3000' command is executed.
22:53:43 INFO  : Context for processor 'microblaze_0' is selected.
22:53:44 INFO  : The application '/media/lifrankfan/CrucialX6/PlantsVsZombie/workspace/PlantsVsZombies/Debug/PlantsVsZombies.elf' is downloaded to processor 'microblaze_0'.
22:53:44 INFO  : ----------------XSDB Script----------------
connect -url tcp:127.0.0.1:3121
targets -set -filter {jtag_cable_name =~ "RealDigital Boo 8874292301CEA" && level==0 && jtag_device_ctx=="jsn1-0362f093-0"}
fpga -file /media/lifrankfan/CrucialX6/PlantsVsZombie/workspace/PlantsVsZombies/_ide/bitstream/top_level.bit
targets -set -nocase -filter {name =~ "*microblaze*#0" && bscan=="USER2" }
loadhw -hw /media/lifrankfan/CrucialX6/PlantsVsZombie/workspace/top_level/export/top_level/hw/top_level.xsa -regs
configparams mdm-detect-bscan-mask 2
targets -set -nocase -filter {name =~ "*microblaze*#0" && bscan=="USER2" }
rst -system
after 3000
targets -set -nocase -filter {name =~ "*microblaze*#0" && bscan=="USER2" }
dow /media/lifrankfan/CrucialX6/PlantsVsZombie/workspace/PlantsVsZombies/Debug/PlantsVsZombies.elf
----------------End of Script----------------

22:53:44 INFO  : Context for processor 'microblaze_0' is selected.
22:53:44 INFO  : 'con' command is executed.
22:53:44 INFO  : ----------------XSDB Script (After Launch)----------------
targets -set -nocase -filter {name =~ "*microblaze*#0" && bscan=="USER2" }
con
----------------End of Script----------------

22:53:44 INFO  : Disconnected from the channel tcfchan#8.
23:16:49 INFO  : Hardware specification for platform project 'top_level' is updated.
23:17:01 INFO  : Result from executing command 'removePlatformRepo': 
23:17:07 INFO  : Result from executing command 'getProjects': top_level
23:17:07 INFO  : Result from executing command 'getPlatforms': 
23:17:10 INFO  : Checking for BSP changes to sync application flags for project 'PlantsVsZombies'...
23:17:13 INFO  : The hardware specification used by project 'PlantsVsZombies' is out of sync with the platform. Resource files extracted from the hardware specification will be updated.
23:17:13 INFO  : The file '/media/lifrankfan/CrucialX6/PlantsVsZombie/workspace/PlantsVsZombies/_ide/bitstream/top_level.bit' stored in project is removed.
23:17:13 INFO  : The file '/media/lifrankfan/CrucialX6/PlantsVsZombie/workspace/PlantsVsZombies/_ide/bitstream/top_level.mmi' stored in project is removed.
23:17:13 INFO  : The updated bitstream files are copied from platform to folder '/media/lifrankfan/CrucialX6/PlantsVsZombie/workspace/PlantsVsZombies/_ide/bitstream' in project 'PlantsVsZombies'.
23:17:26 INFO  : Connected to target on host '127.0.0.1' and port '3121'.
23:17:27 INFO  : Jtag cable 'RealDigital Boo 8874292301CEA' is selected.
23:17:27 INFO  : 'jtag frequency' command is executed.
23:17:27 INFO  : 'targets -set -filter {jtag_cable_name =~ "RealDigital Boo 8874292301CEA" && level==0 && jtag_device_ctx=="jsn1-0362f093-0"}' command is executed.
23:17:28 INFO  : Device configured successfully with "/media/lifrankfan/CrucialX6/PlantsVsZombie/workspace/PlantsVsZombies/_ide/bitstream/top_level.bit"
23:17:28 INFO  : Context for processor 'microblaze_0' is selected.
23:17:28 INFO  : Hardware design and registers information is loaded from '/media/lifrankfan/CrucialX6/PlantsVsZombie/workspace/top_level/export/top_level/hw/top_level.xsa'.
23:17:28 INFO  : 'configparams mdm-detect-bscan-mask 2' command is executed.
23:17:28 INFO  : Context for processor 'microblaze_0' is selected.
23:17:28 INFO  : System reset is completed.
23:17:31 INFO  : 'after 3000' command is executed.
23:17:31 INFO  : Context for processor 'microblaze_0' is selected.
23:17:32 INFO  : The application '/media/lifrankfan/CrucialX6/PlantsVsZombie/workspace/PlantsVsZombies/Debug/PlantsVsZombies.elf' is downloaded to processor 'microblaze_0'.
23:17:32 INFO  : ----------------XSDB Script----------------
connect -url tcp:127.0.0.1:3121
targets -set -filter {jtag_cable_name =~ "RealDigital Boo 8874292301CEA" && level==0 && jtag_device_ctx=="jsn1-0362f093-0"}
fpga -file /media/lifrankfan/CrucialX6/PlantsVsZombie/workspace/PlantsVsZombies/_ide/bitstream/top_level.bit
targets -set -nocase -filter {name =~ "*microblaze*#0" && bscan=="USER2" }
loadhw -hw /media/lifrankfan/CrucialX6/PlantsVsZombie/workspace/top_level/export/top_level/hw/top_level.xsa -regs
configparams mdm-detect-bscan-mask 2
targets -set -nocase -filter {name =~ "*microblaze*#0" && bscan=="USER2" }
rst -system
after 3000
targets -set -nocase -filter {name =~ "*microblaze*#0" && bscan=="USER2" }
dow /media/lifrankfan/CrucialX6/PlantsVsZombie/workspace/PlantsVsZombies/Debug/PlantsVsZombies.elf
----------------End of Script----------------

23:17:32 INFO  : Context for processor 'microblaze_0' is selected.
23:17:32 INFO  : 'con' command is executed.
23:17:32 INFO  : ----------------XSDB Script (After Launch)----------------
targets -set -nocase -filter {name =~ "*microblaze*#0" && bscan=="USER2" }
con
----------------End of Script----------------

23:17:32 INFO  : Disconnected from the channel tcfchan#11.
23:22:58 INFO  : Hardware specification for platform project 'top_level' is updated.
23:23:11 INFO  : Result from executing command 'removePlatformRepo': 
23:23:17 INFO  : Result from executing command 'getProjects': top_level
23:23:17 INFO  : Result from executing command 'getPlatforms': 
23:23:20 INFO  : Checking for BSP changes to sync application flags for project 'PlantsVsZombies'...
23:23:22 INFO  : The hardware specification used by project 'PlantsVsZombies' is out of sync with the platform. Resource files extracted from the hardware specification will be updated.
23:23:22 INFO  : The file '/media/lifrankfan/CrucialX6/PlantsVsZombie/workspace/PlantsVsZombies/_ide/bitstream/top_level.bit' stored in project is removed.
23:23:22 INFO  : The file '/media/lifrankfan/CrucialX6/PlantsVsZombie/workspace/PlantsVsZombies/_ide/bitstream/top_level.mmi' stored in project is removed.
23:23:22 INFO  : The updated bitstream files are copied from platform to folder '/media/lifrankfan/CrucialX6/PlantsVsZombie/workspace/PlantsVsZombies/_ide/bitstream' in project 'PlantsVsZombies'.
23:23:50 INFO  : Connected to target on host '127.0.0.1' and port '3121'.
23:23:50 INFO  : Jtag cable 'RealDigital Boo 8874292301CEA' is selected.
23:23:50 INFO  : 'jtag frequency' command is executed.
23:23:50 INFO  : 'targets -set -filter {jtag_cable_name =~ "RealDigital Boo 8874292301CEA" && level==0 && jtag_device_ctx=="jsn1-0362f093-0"}' command is executed.
23:23:51 INFO  : Device configured successfully with "/media/lifrankfan/CrucialX6/PlantsVsZombie/workspace/PlantsVsZombies/_ide/bitstream/top_level.bit"
23:23:51 INFO  : Context for processor 'microblaze_0' is selected.
23:23:51 INFO  : Hardware design and registers information is loaded from '/media/lifrankfan/CrucialX6/PlantsVsZombie/workspace/top_level/export/top_level/hw/top_level.xsa'.
23:23:51 INFO  : 'configparams mdm-detect-bscan-mask 2' command is executed.
23:23:51 INFO  : Context for processor 'microblaze_0' is selected.
23:23:51 INFO  : System reset is completed.
23:23:54 INFO  : 'after 3000' command is executed.
23:23:54 INFO  : Context for processor 'microblaze_0' is selected.
23:23:55 INFO  : The application '/media/lifrankfan/CrucialX6/PlantsVsZombie/workspace/PlantsVsZombies/Debug/PlantsVsZombies.elf' is downloaded to processor 'microblaze_0'.
23:23:55 INFO  : ----------------XSDB Script----------------
connect -url tcp:127.0.0.1:3121
targets -set -filter {jtag_cable_name =~ "RealDigital Boo 8874292301CEA" && level==0 && jtag_device_ctx=="jsn1-0362f093-0"}
fpga -file /media/lifrankfan/CrucialX6/PlantsVsZombie/workspace/PlantsVsZombies/_ide/bitstream/top_level.bit
targets -set -nocase -filter {name =~ "*microblaze*#0" && bscan=="USER2" }
loadhw -hw /media/lifrankfan/CrucialX6/PlantsVsZombie/workspace/top_level/export/top_level/hw/top_level.xsa -regs
configparams mdm-detect-bscan-mask 2
targets -set -nocase -filter {name =~ "*microblaze*#0" && bscan=="USER2" }
rst -system
after 3000
targets -set -nocase -filter {name =~ "*microblaze*#0" && bscan=="USER2" }
dow /media/lifrankfan/CrucialX6/PlantsVsZombie/workspace/PlantsVsZombies/Debug/PlantsVsZombies.elf
----------------End of Script----------------

23:23:55 INFO  : Context for processor 'microblaze_0' is selected.
23:23:55 INFO  : 'con' command is executed.
23:23:55 INFO  : ----------------XSDB Script (After Launch)----------------
targets -set -nocase -filter {name =~ "*microblaze*#0" && bscan=="USER2" }
con
----------------End of Script----------------

23:23:55 INFO  : Disconnected from the channel tcfchan#14.
23:36:43 INFO  : Hardware specification for platform project 'top_level' is updated.
23:36:56 INFO  : Result from executing command 'removePlatformRepo': 
23:37:03 INFO  : Result from executing command 'getProjects': top_level
23:37:03 INFO  : Result from executing command 'getPlatforms': 
23:37:06 INFO  : Checking for BSP changes to sync application flags for project 'PlantsVsZombies'...
23:37:08 INFO  : The hardware specification used by project 'PlantsVsZombies' is out of sync with the platform. Resource files extracted from the hardware specification will be updated.
23:37:08 INFO  : The file '/media/lifrankfan/CrucialX6/PlantsVsZombie/workspace/PlantsVsZombies/_ide/bitstream/top_level.bit' stored in project is removed.
23:37:08 INFO  : The file '/media/lifrankfan/CrucialX6/PlantsVsZombie/workspace/PlantsVsZombies/_ide/bitstream/top_level.mmi' stored in project is removed.
23:37:08 INFO  : The updated bitstream files are copied from platform to folder '/media/lifrankfan/CrucialX6/PlantsVsZombie/workspace/PlantsVsZombies/_ide/bitstream' in project 'PlantsVsZombies'.
23:37:18 INFO  : Connected to target on host '127.0.0.1' and port '3121'.
23:37:18 INFO  : Jtag cable 'RealDigital Boo 8874292301CEA' is selected.
23:37:18 INFO  : 'jtag frequency' command is executed.
23:37:19 INFO  : 'targets -set -filter {jtag_cable_name =~ "RealDigital Boo 8874292301CEA" && level==0 && jtag_device_ctx=="jsn1-0362f093-0"}' command is executed.
23:37:20 INFO  : Device configured successfully with "/media/lifrankfan/CrucialX6/PlantsVsZombie/workspace/PlantsVsZombies/_ide/bitstream/top_level.bit"
23:37:20 INFO  : Context for processor 'microblaze_0' is selected.
23:37:20 INFO  : Hardware design and registers information is loaded from '/media/lifrankfan/CrucialX6/PlantsVsZombie/workspace/top_level/export/top_level/hw/top_level.xsa'.
23:37:20 INFO  : 'configparams mdm-detect-bscan-mask 2' command is executed.
23:37:20 INFO  : Context for processor 'microblaze_0' is selected.
23:37:20 INFO  : System reset is completed.
23:37:23 INFO  : 'after 3000' command is executed.
23:37:23 INFO  : Context for processor 'microblaze_0' is selected.
23:37:23 INFO  : The application '/media/lifrankfan/CrucialX6/PlantsVsZombie/workspace/PlantsVsZombies/Debug/PlantsVsZombies.elf' is downloaded to processor 'microblaze_0'.
23:37:23 INFO  : ----------------XSDB Script----------------
connect -url tcp:127.0.0.1:3121
targets -set -filter {jtag_cable_name =~ "RealDigital Boo 8874292301CEA" && level==0 && jtag_device_ctx=="jsn1-0362f093-0"}
fpga -file /media/lifrankfan/CrucialX6/PlantsVsZombie/workspace/PlantsVsZombies/_ide/bitstream/top_level.bit
targets -set -nocase -filter {name =~ "*microblaze*#0" && bscan=="USER2" }
loadhw -hw /media/lifrankfan/CrucialX6/PlantsVsZombie/workspace/top_level/export/top_level/hw/top_level.xsa -regs
configparams mdm-detect-bscan-mask 2
targets -set -nocase -filter {name =~ "*microblaze*#0" && bscan=="USER2" }
rst -system
after 3000
targets -set -nocase -filter {name =~ "*microblaze*#0" && bscan=="USER2" }
dow /media/lifrankfan/CrucialX6/PlantsVsZombie/workspace/PlantsVsZombies/Debug/PlantsVsZombies.elf
----------------End of Script----------------

23:37:23 INFO  : Context for processor 'microblaze_0' is selected.
23:37:23 INFO  : 'con' command is executed.
23:37:23 INFO  : ----------------XSDB Script (After Launch)----------------
targets -set -nocase -filter {name =~ "*microblaze*#0" && bscan=="USER2" }
con
----------------End of Script----------------

23:37:23 INFO  : Disconnected from the channel tcfchan#17.
23:37:55 INFO  : Connected to target on host '127.0.0.1' and port '3121'.
23:37:55 INFO  : Jtag cable 'RealDigital Boo 8874292301CEA' is selected.
23:37:55 INFO  : 'jtag frequency' command is executed.
23:37:56 INFO  : 'targets -set -filter {jtag_cable_name =~ "RealDigital Boo 8874292301CEA" && level==0 && jtag_device_ctx=="jsn1-0362f093-0"}' command is executed.
23:37:57 INFO  : Device configured successfully with "/media/lifrankfan/CrucialX6/PlantsVsZombie/workspace/PlantsVsZombies/_ide/bitstream/top_level.bit"
23:37:57 INFO  : Context for processor 'microblaze_0' is selected.
23:37:57 INFO  : Hardware design and registers information is loaded from '/media/lifrankfan/CrucialX6/PlantsVsZombie/workspace/top_level/export/top_level/hw/top_level.xsa'.
23:37:57 INFO  : 'configparams mdm-detect-bscan-mask 2' command is executed.
23:37:57 INFO  : Context for processor 'microblaze_0' is selected.
23:37:57 INFO  : System reset is completed.
23:38:00 INFO  : 'after 3000' command is executed.
23:38:00 INFO  : Context for processor 'microblaze_0' is selected.
23:38:00 INFO  : The application '/media/lifrankfan/CrucialX6/PlantsVsZombie/workspace/PlantsVsZombies/Debug/PlantsVsZombies.elf' is downloaded to processor 'microblaze_0'.
23:38:00 INFO  : ----------------XSDB Script----------------
connect -url tcp:127.0.0.1:3121
targets -set -filter {jtag_cable_name =~ "RealDigital Boo 8874292301CEA" && level==0 && jtag_device_ctx=="jsn1-0362f093-0"}
fpga -file /media/lifrankfan/CrucialX6/PlantsVsZombie/workspace/PlantsVsZombies/_ide/bitstream/top_level.bit
targets -set -nocase -filter {name =~ "*microblaze*#0" && bscan=="USER2" }
loadhw -hw /media/lifrankfan/CrucialX6/PlantsVsZombie/workspace/top_level/export/top_level/hw/top_level.xsa -regs
configparams mdm-detect-bscan-mask 2
targets -set -nocase -filter {name =~ "*microblaze*#0" && bscan=="USER2" }
rst -system
after 3000
targets -set -nocase -filter {name =~ "*microblaze*#0" && bscan=="USER2" }
dow /media/lifrankfan/CrucialX6/PlantsVsZombie/workspace/PlantsVsZombies/Debug/PlantsVsZombies.elf
----------------End of Script----------------

23:38:00 INFO  : Context for processor 'microblaze_0' is selected.
23:38:00 INFO  : 'con' command is executed.
23:38:00 INFO  : ----------------XSDB Script (After Launch)----------------
targets -set -nocase -filter {name =~ "*microblaze*#0" && bscan=="USER2" }
con
----------------End of Script----------------

23:38:00 INFO  : Disconnected from the channel tcfchan#18.
23:46:37 INFO  : Hardware specification for platform project 'top_level' is updated.
23:47:26 INFO  : Hardware specification for platform project 'top_level' is updated.
23:47:43 INFO  : Result from executing command 'removePlatformRepo': 
23:47:49 INFO  : Result from executing command 'getProjects': top_level
23:47:49 INFO  : Result from executing command 'getPlatforms': 
23:47:52 INFO  : Checking for BSP changes to sync application flags for project 'PlantsVsZombies'...
23:47:55 INFO  : The hardware specification used by project 'PlantsVsZombies' is out of sync with the platform. Resource files extracted from the hardware specification will be updated.
23:47:55 INFO  : The file '/media/lifrankfan/CrucialX6/PlantsVsZombie/workspace/PlantsVsZombies/_ide/bitstream/top_level.bit' stored in project is removed.
23:47:55 INFO  : The file '/media/lifrankfan/CrucialX6/PlantsVsZombie/workspace/PlantsVsZombies/_ide/bitstream/top_level.mmi' stored in project is removed.
23:47:55 INFO  : The updated bitstream files are copied from platform to folder '/media/lifrankfan/CrucialX6/PlantsVsZombie/workspace/PlantsVsZombies/_ide/bitstream' in project 'PlantsVsZombies'.
23:48:16 INFO  : Connected to target on host '127.0.0.1' and port '3121'.
23:48:17 INFO  : Jtag cable 'RealDigital Boo 8874292301CEA' is selected.
23:48:17 INFO  : 'jtag frequency' command is executed.
23:48:17 INFO  : 'targets -set -filter {jtag_cable_name =~ "RealDigital Boo 8874292301CEA" && level==0 && jtag_device_ctx=="jsn1-0362f093-0"}' command is executed.
23:48:18 INFO  : Device configured successfully with "/media/lifrankfan/CrucialX6/PlantsVsZombie/workspace/PlantsVsZombies/_ide/bitstream/top_level.bit"
23:48:18 INFO  : Context for processor 'microblaze_0' is selected.
23:48:18 INFO  : Hardware design and registers information is loaded from '/media/lifrankfan/CrucialX6/PlantsVsZombie/workspace/top_level/export/top_level/hw/top_level.xsa'.
23:48:18 INFO  : 'configparams mdm-detect-bscan-mask 2' command is executed.
23:48:18 INFO  : Context for processor 'microblaze_0' is selected.
23:48:18 INFO  : System reset is completed.
23:48:21 INFO  : 'after 3000' command is executed.
23:48:21 INFO  : Context for processor 'microblaze_0' is selected.
23:48:21 INFO  : The application '/media/lifrankfan/CrucialX6/PlantsVsZombie/workspace/PlantsVsZombies/Debug/PlantsVsZombies.elf' is downloaded to processor 'microblaze_0'.
23:48:21 INFO  : ----------------XSDB Script----------------
connect -url tcp:127.0.0.1:3121
targets -set -filter {jtag_cable_name =~ "RealDigital Boo 8874292301CEA" && level==0 && jtag_device_ctx=="jsn1-0362f093-0"}
fpga -file /media/lifrankfan/CrucialX6/PlantsVsZombie/workspace/PlantsVsZombies/_ide/bitstream/top_level.bit
targets -set -nocase -filter {name =~ "*microblaze*#0" && bscan=="USER2" }
loadhw -hw /media/lifrankfan/CrucialX6/PlantsVsZombie/workspace/top_level/export/top_level/hw/top_level.xsa -regs
configparams mdm-detect-bscan-mask 2
targets -set -nocase -filter {name =~ "*microblaze*#0" && bscan=="USER2" }
rst -system
after 3000
targets -set -nocase -filter {name =~ "*microblaze*#0" && bscan=="USER2" }
dow /media/lifrankfan/CrucialX6/PlantsVsZombie/workspace/PlantsVsZombies/Debug/PlantsVsZombies.elf
----------------End of Script----------------

23:48:21 INFO  : Context for processor 'microblaze_0' is selected.
23:48:21 INFO  : 'con' command is executed.
23:48:21 INFO  : ----------------XSDB Script (After Launch)----------------
targets -set -nocase -filter {name =~ "*microblaze*#0" && bscan=="USER2" }
con
----------------End of Script----------------

23:48:21 INFO  : Disconnected from the channel tcfchan#21.
23:57:41 INFO  : Hardware specification for platform project 'top_level' is updated.
23:58:00 INFO  : Result from executing command 'removePlatformRepo': 
23:58:06 INFO  : Result from executing command 'getProjects': top_level
23:58:06 INFO  : Result from executing command 'getPlatforms': 
23:58:09 INFO  : Checking for BSP changes to sync application flags for project 'PlantsVsZombies'...
23:58:12 INFO  : The hardware specification used by project 'PlantsVsZombies' is out of sync with the platform. Resource files extracted from the hardware specification will be updated.
23:58:12 INFO  : The file '/media/lifrankfan/CrucialX6/PlantsVsZombie/workspace/PlantsVsZombies/_ide/bitstream/top_level.bit' stored in project is removed.
23:58:12 INFO  : The file '/media/lifrankfan/CrucialX6/PlantsVsZombie/workspace/PlantsVsZombies/_ide/bitstream/top_level.mmi' stored in project is removed.
23:58:12 INFO  : The updated bitstream files are copied from platform to folder '/media/lifrankfan/CrucialX6/PlantsVsZombie/workspace/PlantsVsZombies/_ide/bitstream' in project 'PlantsVsZombies'.
23:58:22 INFO  : Connected to target on host '127.0.0.1' and port '3121'.
23:58:22 INFO  : Jtag cable 'RealDigital Boo 8874292301CEA' is selected.
23:58:22 INFO  : 'jtag frequency' command is executed.
23:58:22 INFO  : 'targets -set -filter {jtag_cable_name =~ "RealDigital Boo 8874292301CEA" && level==0 && jtag_device_ctx=="jsn1-0362f093-0"}' command is executed.
23:58:24 INFO  : Device configured successfully with "/media/lifrankfan/CrucialX6/PlantsVsZombie/workspace/PlantsVsZombies/_ide/bitstream/top_level.bit"
23:58:24 INFO  : Context for processor 'microblaze_0' is selected.
23:58:24 INFO  : Hardware design and registers information is loaded from '/media/lifrankfan/CrucialX6/PlantsVsZombie/workspace/top_level/export/top_level/hw/top_level.xsa'.
23:58:24 INFO  : 'configparams mdm-detect-bscan-mask 2' command is executed.
23:58:24 INFO  : Context for processor 'microblaze_0' is selected.
23:58:24 INFO  : System reset is completed.
23:58:27 INFO  : 'after 3000' command is executed.
23:58:27 INFO  : Context for processor 'microblaze_0' is selected.
23:58:27 INFO  : The application '/media/lifrankfan/CrucialX6/PlantsVsZombie/workspace/PlantsVsZombies/Debug/PlantsVsZombies.elf' is downloaded to processor 'microblaze_0'.
23:58:27 INFO  : ----------------XSDB Script----------------
connect -url tcp:127.0.0.1:3121
targets -set -filter {jtag_cable_name =~ "RealDigital Boo 8874292301CEA" && level==0 && jtag_device_ctx=="jsn1-0362f093-0"}
fpga -file /media/lifrankfan/CrucialX6/PlantsVsZombie/workspace/PlantsVsZombies/_ide/bitstream/top_level.bit
targets -set -nocase -filter {name =~ "*microblaze*#0" && bscan=="USER2" }
loadhw -hw /media/lifrankfan/CrucialX6/PlantsVsZombie/workspace/top_level/export/top_level/hw/top_level.xsa -regs
configparams mdm-detect-bscan-mask 2
targets -set -nocase -filter {name =~ "*microblaze*#0" && bscan=="USER2" }
rst -system
after 3000
targets -set -nocase -filter {name =~ "*microblaze*#0" && bscan=="USER2" }
dow /media/lifrankfan/CrucialX6/PlantsVsZombie/workspace/PlantsVsZombies/Debug/PlantsVsZombies.elf
----------------End of Script----------------

23:58:27 INFO  : Context for processor 'microblaze_0' is selected.
23:58:27 INFO  : 'con' command is executed.
23:58:27 INFO  : ----------------XSDB Script (After Launch)----------------
targets -set -nocase -filter {name =~ "*microblaze*#0" && bscan=="USER2" }
con
----------------End of Script----------------

23:58:27 INFO  : Disconnected from the channel tcfchan#24.
